Linux 5.4.0-100-generic (node-0.vhive-test.ut-osa-pg0.wisc.cloudlab.us) 	02/14/2023 	_x86_64_	(40 CPU)

01:03:38 AM   UID       PID  minflt/s  majflt/s     VSZ     RSS   %MEM  Command
01:03:39 AM 20001    384249  30623.00      0.00 8847500  202628   0.10  python3
01:03:40 AM 20001    384249   4208.00      0.00 8870412  224148   0.11  python3
01:03:41 AM 20001    384249   6042.00      0.00 8878304  232316   0.12  python3
01:03:42 AM 20001    384249   5700.00      0.00 8881536  235752   0.12  python3
01:03:43 AM 20001    384249   1574.00      0.00 8887844  241808   0.12  python3
01:03:44 AM 20001    384249   1212.00      0.00 14816728  260072   0.13  python3
01:03:45 AM 20001    384249   1099.00      0.00 14817700  313496   0.16  python3
01:03:46 AM 20001    384249   1185.00      0.00 14818980  370328   0.19  python3
01:03:47 AM 20001    384249    864.00      0.00 14818980  425240   0.22  python3
01:03:48 AM 20001    384249   1523.00      0.00 14821544  483932   0.25  python3
01:03:49 AM 20001    384249   1126.00      0.00 14822568  543332   0.28  python3
01:03:50 AM 20001    384249   1212.00      0.00 14823848  604256   0.31  python3
01:03:51 AM 20001    384249   1176.24      0.00 14824872  661732   0.34  python3
01:03:52 AM 20001    384249   2461.00      0.00 14828712  721824   0.37  python3
01:03:53 AM 20001    384249   1189.00      0.00 14829736  779620   0.40  python3
01:03:54 AM 20001    384249   1198.00      0.00 14831016  836764   0.43  python3
01:03:55 AM 20001    384249   1227.00      0.00 14832040  890848   0.45  python3
01:03:56 AM 20001    384249   2909.00      0.00 14834032  947512   0.48  python3
01:03:57 AM 20001    384249   2381.00      0.00 14835312 1002652   0.51  python3
01:03:58 AM 20001    384249   2127.00      0.00 14837044 1059540   0.54  python3
01:03:59 AM 20001    384249   6058.00      0.00 14843444 1123796   0.57  python3
01:04:00 AM 20001    384249   2328.00      0.00 14845352 1182088   0.60  python3
01:04:01 AM 20001    384249   2430.00      0.00 14846376 1238900   0.63  python3
01:04:02 AM 20001    384249   1387.00      0.00 14847656 1296048   0.66  python3
01:04:03 AM 20001    384249   2297.00      0.00 14850392 1355508   0.69  python3
01:04:04 AM 20001    384249   2730.00      0.00 14851672 1412012   0.72  python3
01:04:05 AM 20001    384249   1674.00      0.00 14852696 1470104   0.75  python3
01:04:06 AM 20001    384249   1270.00      0.00 14853720 1524576   0.78  python3
01:04:07 AM 20001    384249   1257.00      0.00 14854744 1581072   0.80  python3
01:04:08 AM 20001    384249   1541.00      0.00 14856024 1636124   0.83  python3
01:04:09 AM 20001    384249   1784.00      0.00 14857340 1691024   0.86  python3
01:04:10 AM 20001    384249   2169.00      0.00 14858364 1746996   0.89  python3
01:04:11 AM 20001    384249   1267.00      0.00 14859388 1803296   0.92  python3
01:04:12 AM 20001    384249   1876.00      0.00 14862024 1857652   0.94  python3
01:04:13 AM 20001    384249   1542.00      0.00 14863048 1914772   0.97  python3
01:04:14 AM 20001    384249   8999.00      0.00 14874312 1978088   1.01  python3
01:04:15 AM 20001    384249   2385.00      0.00 14876968 2034348   1.03  python3
01:04:16 AM 20001    384249   1202.00      0.00 14877992 2087964   1.06  python3
01:04:17 AM 20001    384249   1504.00      0.00 14879016 2141964   1.09  python3
01:04:18 AM 20001    384249   1551.00      0.00 14880296 2197592   1.12  python3
01:04:19 AM 20001    384249   1621.00      0.00 14883360 2252996   1.15  python3
01:04:20 AM 20001    384249   2056.00      0.00 14884384 2306468   1.17  python3
01:04:21 AM 20001    384249   1291.00      0.00 14885408 2363388   1.20  python3
01:04:22 AM 20001    384249   2470.00      0.00 14886432 2417056   1.23  python3
01:04:23 AM 20001    384249   1913.00      0.00 14889524 2471216   1.26  python3
01:04:24 AM 20001    384249   1278.00      0.00 14890548 2524832   1.28  python3
01:04:25 AM 20001    384249   1502.00      0.00 14891572 2578388   1.31  python3
01:04:26 AM 20001    384249   1252.00      0.00 14892596 2632128   1.34  python3
01:04:27 AM 20001    384249   2754.00      0.00 14893620 2685024   1.37  python3
01:04:28 AM 20001    384249   3107.00      0.00 14895132 2738868   1.39  python3
01:04:29 AM 20001    384249   1253.00      0.00 14896156 2792100   1.42  python3
01:04:30 AM 20001    384249   1204.00      0.00 14897180 2848588   1.45  python3
01:04:31 AM 20001    384249   1201.00      0.00 14898204 2902464   1.48  python3
01:04:32 AM 20001    384249   1531.00      0.00 14899228 2954780   1.50  python3
01:04:33 AM 20001    384249   1313.00      0.00 14900252 3009444   1.53  python3
01:04:34 AM 20001    384249   1628.00      0.00 14903892 3060184   1.56  python3
01:04:35 AM 20001    384249   1977.00      0.00 14904916 3114116   1.58  python3
01:04:36 AM 20001    384249   1192.00      0.00 14905684 3166092   1.61  python3
01:04:37 AM 20001    384249   1237.00      0.00 14906708 3218932   1.64  python3
01:04:38 AM 20001    384249   1216.00      0.00 14907732 3273528   1.66  python3
01:04:39 AM 20001    384249   1246.00      0.00 14908756 3324520   1.69  python3
01:04:40 AM 20001    384249   1215.00      0.00 14909780 3381520   1.72  python3
01:04:41 AM 20001    384249   2740.00      0.00 14910804 3434676   1.75  python3
01:04:42 AM 20001    384249   1495.00      0.00 14911828 3486780   1.77  python3
01:04:43 AM 20001    384249   1190.00      0.00 14912852 3540584   1.80  python3
01:04:44 AM 20001    384249   1256.00      0.00 14913876 3594716   1.83  python3
01:04:45 AM 20001    384249   2461.00      0.00 14914900 3645516   1.85  python3
01:04:46 AM 20001    384249   1174.00      0.00 14915924 3697224   1.88  python3
01:04:47 AM 20001    384249  16764.00      0.00 14939108 3771544   1.92  python3
01:04:48 AM 20001    384249   1098.00      0.00 14939876 3824748   1.94  python3
01:04:49 AM 20001    384249   1110.00      0.00 14940900 3875720   1.97  python3
01:04:50 AM 20001    384249   2734.00      0.00 14941924 3930408   2.00  python3
01:04:51 AM 20001    384249   1105.00      0.00 14942948 3981956   2.02  python3
01:04:52 AM 20001    384249   1078.00      0.00 14943972 4033572   2.05  python3
01:04:53 AM 20001    384249   1206.00      0.00 14944996 4085380   2.08  python3
01:04:54 AM 20001    384249   1474.00      0.00 14945764 4139148   2.10  python3
01:04:55 AM 20001    384249   2730.00      0.00 14950512 4194356   2.13  python3
01:04:56 AM 20001    384249   1039.00      0.00 14951536 4242796   2.16  python3
01:04:57 AM 20001    384249   1040.00      0.00 14952560 4294552   2.18  python3
01:04:58 AM 20001    384249   1943.00      0.00 14953328 4344428   2.21  python3
01:04:59 AM 20001    384249   1191.00      0.00 14954352 4399068   2.24  python3
01:05:00 AM 20001    384249   2345.00      0.00 14955376 4449128   2.26  python3
01:05:01 AM 20001    384249   1188.00      0.00 14956400 4503884   2.29  python3
01:05:02 AM 20001    384249   1397.00      0.00 14957168 4554536   2.32  python3
01:05:03 AM 20001    384249   1143.00      0.00 14958192 4603480   2.34  python3
01:05:04 AM 20001    384249   4248.00      0.00 14959216 4655660   2.37  python3
01:05:05 AM 20001    384249   1086.00      0.00 14959984 4703136   2.39  python3
01:05:06 AM 20001    384249   1092.00      0.00 14961008 4752496   2.42  python3
01:05:07 AM 20001    384249   1119.00      0.00 14962032 4804792   2.44  python3
01:05:08 AM 20001    384249   1114.00      0.00 14962800 4855780   2.47  python3
01:05:09 AM 20001    384249   1424.00      0.00 14963824 4908136   2.50  python3
01:05:10 AM 20001    384249   1116.00      0.00 14964848 4957752   2.52  python3
01:05:11 AM 20001    384249   1120.00      0.00 14965616 5008800   2.55  python3
01:05:12 AM 20001    384249   1111.00      0.00 14966640 5061480   2.57  python3
01:05:13 AM 20001    384249   1626.00      0.00 14967664 5110712   2.60  python3
01:05:14 AM 20001    384249   1814.00      0.00 14970828 5163320   2.63  python3
01:05:15 AM 20001    384249   1905.00      0.00 14971852 5211872   2.65  python3
01:05:16 AM 20001    384249   1117.00      0.00 14972620 5260556   2.67  python3
01:05:17 AM 20001    384249   1077.00      0.00 14973644 5307028   2.70  python3
01:05:18 AM 20001    384249   1128.00      0.00 14974412 5360608   2.73  python3
01:05:19 AM 20001    384249   1139.00      0.00 14975436 5410016   2.75  python3
01:05:20 AM 20001    384249   1134.00      0.00 14976460 5459036   2.78  python3
01:05:21 AM 20001    384249   1145.00      0.00 14977228 5509368   2.80  python3
01:05:22 AM 20001    384249   1147.00      0.00 14978252 5561328   2.83  python3
01:05:23 AM 20001    384249   1097.00      0.00 14979276 5610476   2.85  python3
01:05:24 AM 20001    384249   1140.00      0.00 14980044 5658052   2.88  python3
01:05:25 AM 20001    384249   1162.00      0.00 14981068 5707332   2.90  python3
01:05:26 AM 20001    384249   3333.00      0.00 14987728 5762336   2.93  python3
01:05:27 AM 20001    384249   1104.00      0.00 14988752 5811144   2.95  python3
01:05:28 AM 20001    384249   3406.00      0.00 14989520 5861836   2.98  python3
01:05:29 AM 20001    384249   1102.00      0.00 14990544 5911292   3.01  python3
01:05:30 AM 20001    384249   1116.00      0.00 14991568 5960552   3.03  python3
01:05:31 AM 20001    384249   1094.00      0.00 14992336 6010928   3.06  python3
01:05:32 AM 20001    384249   1585.00      0.00 14993360 6060640   3.08  python3
01:05:33 AM 20001    384249   1893.00      0.00 14994128 6108792   3.11  python3
01:05:34 AM 20001    384249   1157.00      0.00 14995152 6159888   3.13  python3
01:05:35 AM 20001    384249   1078.00      0.00 14995920 6207264   3.16  python3
01:05:36 AM 20001    384249  36798.00      0.00 9209444  430128   0.22  python3
01:05:37 AM 20001    384249    809.00      0.00 9210468  431360   0.22  python3
01:05:38 AM 20001    384249    869.00      0.00 9210468  431360   0.22  python3
01:05:39 AM 20001    384249    504.00      0.00 9210468  431360   0.22  python3
01:05:40 AM 20001    384249    240.00      0.00 9210468  431360   0.22  python3
01:05:41 AM 20001    384249    480.00      0.00 9210468  431360   0.22  python3
01:05:42 AM 20001    384249    548.00      0.00 9210468  431360   0.22  python3
01:05:43 AM 20001    384249    516.00      0.00 9210468  431360   0.22  python3
01:05:44 AM 20001    384249    216.00      0.00 9210468  431360   0.22  python3
01:05:45 AM 20001    384249    320.00      0.00 9210468  431360   0.22  python3
01:05:46 AM 20001    384249    516.00      0.00 9210468  431360   0.22  python3
01:05:47 AM 20001    384249    592.00      0.00 9210468  431360   0.22  python3
01:05:48 AM 20001    384249    129.00      0.00 9210468  431360   0.22  python3
01:05:49 AM 20001    384249    663.00      0.00 9210468  431360   0.22  python3
01:05:50 AM 20001    384249   3397.00      0.00 9210468  431360   0.22  python3
01:05:51 AM 20001    384249   2614.00      0.00 9210468  431360   0.22  python3
01:05:52 AM 20001    384249    613.00      0.00 9210468  431360   0.22  python3
01:05:53 AM 20001    384249  24920.79      0.00 9210468  431360   0.22  python3
01:05:54 AM 20001    384249  14317.00      0.00 18687972  434336   0.22  python3
01:05:55 AM 20001    384249  16196.00      0.00 18690060  436312   0.22  python3
01:05:56 AM 20001    384249    987.00      0.00 18692984  439388   0.22  python3
01:05:57 AM 20001    384249    536.00      0.00 18694584  440852   0.22  python3
01:05:58 AM 20001    384249    130.00      0.00 18694636  440904   0.22  python3
01:05:59 AM 20001    384249   2746.00      0.00 18695448  453716   0.23  python3
01:06:00 AM 20001    384249   3859.00      0.00 18695448  472216   0.24  python3
01:06:01 AM 20001    384249   3830.00      0.00 18695448  491156   0.25  python3
01:06:02 AM 20001    384249   4395.00      0.00 18695448  510336   0.26  python3
01:06:03 AM 20001    384249   3945.00      0.00 18695448  529604   0.27  python3
01:06:04 AM 20001    384249   3896.00      0.00 18695448  548168   0.28  python3
01:06:05 AM 20001    384249   3824.00      0.00 18695448  566544   0.29  python3
01:06:06 AM 20001    384249   5902.00      0.00 18695448  585228   0.30  python3
01:06:07 AM 20001    384249   4032.00      0.00 18695448  603908   0.31  python3
01:06:08 AM 20001    384249   3958.00      0.00 18695448  622984   0.32  python3
01:06:09 AM 20001    384249   4094.00      0.00 18695448  642088   0.33  python3
01:06:10 AM 20001    384249   3929.00      0.00 18695448  660884   0.34  python3
01:06:11 AM 20001    384249   3976.00      0.00 18695448  680132   0.35  python3
01:06:12 AM 20001    384249   3928.00      0.00 18695448  698736   0.36  python3
01:06:13 AM 20001    384249   3877.00      0.00 18695448  717420   0.36  python3
01:06:14 AM 20001    384249   4004.00      0.00 18695448  736020   0.37  python3
01:06:15 AM 20001    384249   3873.00      0.00 18695448  754608   0.38  python3
01:06:16 AM 20001    384249   3817.00      0.00 18695448  772908   0.39  python3
01:06:17 AM 20001    384249   3681.00      0.00 18695448  790408   0.40  python3
01:06:18 AM 20001    384249   4009.00      0.00 18695448  809200   0.41  python3
01:06:19 AM 20001    384249   4027.00      0.00 18695448  828368   0.42  python3
01:06:20 AM 20001    384249   3981.00      0.00 18695448  847732   0.43  python3
01:06:21 AM 20001    384249   5101.00      0.00 18695448  866788   0.44  python3
01:06:22 AM 20001    384249   4062.00      0.00 18695448  886000   0.45  python3
01:06:23 AM 20001    384249   3980.00      0.00 18695448  904940   0.46  python3
01:06:24 AM 20001    384249   4015.00      0.00 18695448  923908   0.47  python3
01:06:25 AM 20001    384249   3909.00      0.00 18695448  942432   0.48  python3
01:06:26 AM 20001    384249   3926.00      0.00 18695448  960888   0.49  python3
01:06:27 AM 20001    384249   3940.00      0.00 18695448  979728   0.50  python3
01:06:28 AM 20001    384249   3982.00      0.00 18695448  998520   0.51  python3
01:06:29 AM 20001    384249   3995.00      0.00 18695448 1017624   0.52  python3
01:06:30 AM 20001    384249   4050.00      0.00 18695448 1036528   0.53  python3
01:06:31 AM 20001    384249   4002.00      0.00 18695448 1055812   0.54  python3
01:06:32 AM 20001    384249   4451.00      0.00 18695448 1074508   0.55  python3
01:06:33 AM 20001    384249   4025.00      0.00 18695448 1093540   0.56  python3
01:06:34 AM 20001    384249   4036.00      0.00 18695448 1112496   0.57  python3
01:06:35 AM 20001    384249   3845.00      0.00 18695448 1130576   0.57  python3
01:06:36 AM 20001    384249   4563.00      0.00 18695448 1149448   0.58  python3
01:06:37 AM 20001    384249   5651.00      0.00 18695448 1168216   0.59  python3
01:06:38 AM 20001    384249   4024.00      0.00 18695448 1187160   0.60  python3
01:06:39 AM 20001    384249   4016.00      0.00 18695448 1206060   0.61  python3
01:06:40 AM 20001    384249   4011.00      0.00 18695448 1224884   0.62  python3
01:06:41 AM 20001    384249   4021.00      0.00 18695448 1244104   0.63  python3
01:06:42 AM 20001    384249   4050.00      0.00 18695448 1263504   0.64  python3
01:06:43 AM 20001    384249   4045.00      0.00 18695448 1282336   0.65  python3
01:06:44 AM 20001    384249   3934.00      0.00 18695448 1300532   0.66  python3
01:06:45 AM 20001    384249   3907.00      0.00 18695448 1318964   0.67  python3
01:06:46 AM 20001    384249   3886.00      0.00 18695448 1337556   0.68  python3
01:06:47 AM 20001    384249   3975.00      0.00 18695448 1356396   0.69  python3
01:06:48 AM 20001    384249   3999.00      0.00 18695448 1375056   0.70  python3
01:06:49 AM 20001    384249   4026.00      0.00 18695448 1394096   0.71  python3
01:06:50 AM 20001    384249   3927.00      0.00 18695448 1412736   0.72  python3
01:06:51 AM 20001    384249   3995.00      0.00 18695448 1431404   0.73  python3
01:06:52 AM 20001    384249   3951.00      0.00 18695448 1450252   0.74  python3
01:06:53 AM 20001    384249   4752.00      0.00 18695448 1468792   0.75  python3
01:06:54 AM 20001    384249   3902.00      0.00 18695448 1487072   0.76  python3
01:06:55 AM 20001    384249   3915.00      0.00 18695448 1505388   0.77  python3
01:06:56 AM 20001    384249   3913.00      0.00 18695448 1523604   0.77  python3
01:06:57 AM 20001    384249   3855.00      0.00 18695448 1541688   0.78  python3
01:06:58 AM 20001    384249   4260.00      0.00 18695448 1560316   0.79  python3
01:06:59 AM 20001    384249   5294.00      0.00 18695448 1578732   0.80  python3
01:07:00 AM 20001    384249   4099.00      0.00 18695448 1597308   0.81  python3
01:07:01 AM 20001    384249   3998.00      0.00 18695448 1616288   0.82  python3
01:07:02 AM 20001    384249   3900.00      0.00 18695448 1634672   0.83  python3
01:07:03 AM 20001    384249   3959.00      0.00 18695448 1653292   0.84  python3
01:07:04 AM 20001    384249   3874.00      0.00 18695448 1671568   0.85  python3
01:07:05 AM 20001    384249   3827.00      0.00 18695448 1689748   0.86  python3
01:07:06 AM 20001    384249   3959.00      0.00 18695448 1708488   0.87  python3
01:07:07 AM 20001    384249   4008.00      0.00 18695448 1727428   0.88  python3
01:07:08 AM 20001    384249   4374.00      0.00 18695448 1746580   0.89  python3
01:07:09 AM 20001    384249   4042.00      0.00 18695448 1765744   0.90  python3
01:07:10 AM 20001    384249   4012.00      0.00 18695448 1784904   0.91  python3
01:07:11 AM 20001    384249   3966.00      0.00 18695448 1803764   0.92  python3
01:07:12 AM 20001    384249   3991.00      0.00 18695448 1823012   0.93  python3
01:07:13 AM 20001    384249   4473.00      0.00 18695448 1842036   0.94  python3
01:07:14 AM 20001    384249   3943.00      0.00 18695448 1860636   0.95  python3
01:07:15 AM 20001    384249   3856.00      0.00 18695448 1878872   0.96  python3
01:07:16 AM 20001    384249   3845.00      0.00 18695448 1897276   0.96  python3
01:07:17 AM 20001    384249   3763.00      0.00 18695448 1915376   0.97  python3
01:07:18 AM 20001    384249   6216.00      0.00 18695448 1934112   0.98  python3
01:07:19 AM 20001    384249   4150.00      0.00 18695448 1952972   0.99  python3
01:07:20 AM 20001    384249   4006.00      0.00 18695448 1972112   1.00  python3
01:07:21 AM 20001    384249   3949.00      0.00 18695448 1990900   1.01  python3
01:07:22 AM 20001    384249   3964.00      0.00 18695448 2009804   1.02  python3
01:07:23 AM 20001    384249   3928.00      0.00 18695448 2028512   1.03  python3
01:07:24 AM 20001    384249   3910.00      0.00 18695448 2047184   1.04  python3
01:07:25 AM 20001    384249   3874.00      0.00 18695448 2065600   1.05  python3
01:07:26 AM 20001    384249   3881.00      0.00 18695448 2084184   1.06  python3
01:07:27 AM 20001    384249   3814.00      0.00 18695448 2102460   1.07  python3
01:07:28 AM 20001    384249   3926.00      0.00 18695448 2121120   1.08  python3
01:07:29 AM 20001    384249   3881.00      0.00 18695448 2139780   1.09  python3
01:07:30 AM 20001    384249   3866.00      0.00 18695448 2158572   1.10  python3
01:07:31 AM 20001    384249   3873.00      0.00 18695448 2177096   1.11  python3
01:07:32 AM 20001    384249   3829.00      0.00 18695448 2195312   1.12  python3
01:07:33 AM 20001    384249   3886.00      0.00 18695448 2213844   1.13  python3
01:07:34 AM 20001    384249   3822.00      0.00 18695448 2232188   1.13  python3
01:07:35 AM 20001    384249   3813.00      0.00 18695448 2250536   1.14  python3
01:07:36 AM 20001    384249   3874.00      0.00 18695448 2269132   1.15  python3
01:07:37 AM 20001    384249   3894.00      0.00 18695448 2287920   1.16  python3
01:07:38 AM 20001    384249   3960.00      0.00 18695448 2306892   1.17  python3
01:07:39 AM 20001    384249   3967.00      0.00 18695448 2325856   1.18  python3
01:07:40 AM 20001    384249   5653.00      0.00 18695448 2344632   1.19  python3
01:07:41 AM 20001    384249   4064.00      0.00 18695448 2363752   1.20  python3
01:07:42 AM 20001    384249   3996.00      0.00 18695448 2382476   1.21  python3
01:07:43 AM 20001    384249   3825.00      0.00 18695448 2401008   1.22  python3
01:07:44 AM 20001    384249   3867.00      0.00 18695448 2419656   1.23  python3
01:07:45 AM 20001    384249   3830.00      0.00 18695448 2438240   1.24  python3
01:07:46 AM 20001    384249   3917.00      0.00 18695448 2456896   1.25  python3
01:07:47 AM 20001    384249   3934.00      0.00 18695448 2475816   1.26  python3
01:07:48 AM 20001    384249   3963.00      0.00 18695448 2494600   1.27  python3
01:07:49 AM 20001    384249   3959.00      0.00 18695448 2513648   1.28  python3
01:07:50 AM 20001    384249   3942.00      0.00 18695448 2532812   1.29  python3
01:07:51 AM 20001    384249   3927.00      0.00 18695448 2551476   1.30  python3
01:07:52 AM 20001    384249   3918.00      0.00 18695448 2570256   1.31  python3
01:07:53 AM 20001    384249   3903.00      0.00 18695448 2589300   1.32  python3
01:07:54 AM 20001    384249   3894.00      0.00 18695448 2608028   1.33  python3
01:07:55 AM 20001    384249   3788.00      0.00 18695448 2626180   1.34  python3
01:07:56 AM 20001    384249   3881.00      0.00 18695448 2644904   1.34  python3
01:07:57 AM 20001    384249   3851.00      0.00 18695448 2663440   1.35  python3
01:07:58 AM 20001    384249   3926.00      0.00 18695448 2682476   1.36  python3
01:07:59 AM 20001    384249   3882.00      0.00 18695448 2701072   1.37  python3
01:08:00 AM 20001    384249   3871.00      0.00 18695448 2719868   1.38  python3
01:08:01 AM 20001    384249   4311.00      0.00 18695448 2738288   1.39  python3
01:08:02 AM 20001    384249   3874.26      0.00 18695448 2757444   1.40  python3
01:08:03 AM 20001    384249   3830.00      0.00 18695448 2776100   1.41  python3
01:08:04 AM 20001    384249   4816.00      0.00 18695448 2794520   1.42  python3
01:08:05 AM 20001    384249   3723.00      0.00 18695448 2812416   1.43  python3
01:08:06 AM 20001    384249   3827.00      0.00 18695448 2830952   1.44  python3
01:08:07 AM 20001    384249   6318.00      0.00 18695448 2849428   1.45  python3
01:08:08 AM 20001    384249   3928.00      0.00 18695448 2868372   1.46  python3
01:08:09 AM 20001    384249   3870.00      0.00 18695448 2886944   1.47  python3
01:08:10 AM 20001    384249   3848.00      0.00 18695448 2905468   1.48  python3
01:08:11 AM 20001    384249   3881.00      0.00 18695448 2924428   1.49  python3
01:08:12 AM 20001    384249   3876.00      0.00 18695448 2943260   1.50  python3
01:08:13 AM 20001    384249   3849.00      0.00 18695448 2961988   1.51  python3
01:08:14 AM 20001    384249   3828.00      0.00 18695448 2980576   1.52  python3
01:08:15 AM 20001    384249   3727.00      0.00 18695448 2998924   1.52  python3
01:08:16 AM 20001    384249   3819.00      0.00 18695448 3017248   1.53  python3
01:08:17 AM 20001    384249   3659.00      0.00 18695448 3035208   1.54  python3
01:08:18 AM 20001    384249   3902.00      0.00 18695448 3054188   1.55  python3
01:08:19 AM 20001    384249   3935.00      0.00 18695448 3073472   1.56  python3
01:08:20 AM 20001    384249   5174.00      0.00 18695448 3092504   1.57  python3
01:08:21 AM 20001    384249   3977.00      0.00 18695448 3111736   1.58  python3
01:08:22 AM 20001    384249   3926.00      0.00 18695448 3131028   1.59  python3
01:08:23 AM 20001    384249   3934.00      0.00 18695448 3150064   1.60  python3
01:08:24 AM 20001    384249   3875.00      0.00 18695448 3169040   1.61  python3
01:08:25 AM 20001    384249   3824.00      0.00 18695448 3187616   1.62  python3
01:08:26 AM 20001    384249   3819.00      0.00 18695448 3206272   1.63  python3
01:08:27 AM 20001    384249   3824.00      0.00 18695448 3225068   1.64  python3
01:08:28 AM 20001    384249   3874.00      0.00 18695448 3244164   1.65  python3
01:08:29 AM 20001    384249   3884.00      0.00 18695448 3262816   1.66  python3
01:08:30 AM 20001    384249   3782.00      0.00 18695448 3281660   1.67  python3
01:08:31 AM 20001    384249   3921.00      0.00 18695448 3300576   1.68  python3
01:08:32 AM 20001    384249   3861.00      0.00 18695448 3319608   1.69  python3
01:08:33 AM 20001    384249   3820.00      0.00 18695448 3337816   1.70  python3
01:08:34 AM 20001    384249   4832.00      0.00 18695448 3356364   1.71  python3
01:08:35 AM 20001    384249   3913.00      0.00 18695448 3374568   1.72  python3
01:08:36 AM 20001    384249   3686.00      0.00 18695448 3392408   1.72  python3
01:08:37 AM 20001    384249   3838.00      0.00 18695448 3411052   1.73  python3
01:08:38 AM 20001    384249   3819.00      0.00 18695448 3429696   1.74  python3
01:08:39 AM 20001    384249   3830.00      0.00 18695448 3448340   1.75  python3
01:08:40 AM 20001    384249   4448.00      0.00 18695448 3466852   1.76  python3
01:08:41 AM 20001    384249   3853.00      0.00 18695448 3485780   1.77  python3
01:08:42 AM 20001    384249   3809.00      0.00 18695448 3504228   1.78  python3
01:08:43 AM 20001    384249   3762.00      0.00 18695448 3522552   1.79  python3
01:08:44 AM 20001    384249   3771.00      0.00 18695448 3540888   1.80  python3
01:08:45 AM 20001    384249   3640.00      0.00 18695448 3558712   1.81  python3
01:08:46 AM 20001    384249   3767.00      0.00 18695448 3577296   1.82  python3
01:08:47 AM 20001    384249   3757.00      0.00 18695448 3595448   1.83  python3
01:08:48 AM 20001    384249   3774.00      0.00 18695448 3614048   1.84  python3
01:08:49 AM 20001    384249   3806.00      0.00 18695448 3632400   1.85  python3
01:08:50 AM 20001    384249   3773.00      0.00 18695448 3650856   1.86  python3
01:08:51 AM 20001    384249   3766.00      0.00 18695448 3669520   1.87  python3
01:08:52 AM 20001    384249   3819.00      0.00 18695448 3687864   1.87  python3
01:08:53 AM 20001    384249   3813.00      0.00 18695448 3706588   1.88  python3
01:08:54 AM 20001    384249   3817.00      0.00 18695448 3725180   1.89  python3
01:08:55 AM 20001    384249   3755.00      0.00 18695448 3743344   1.90  python3
01:08:56 AM 20001    384249   4188.00      0.00 18695448 3761316   1.91  python3
01:08:57 AM 20001    384249   3696.00      0.00 18695448 3779400   1.92  python3
01:08:58 AM 20001    384249   3757.00      0.00 18695448 3797852   1.93  python3
01:08:59 AM 20001    384249   3781.00      0.00 18695448 3816512   1.94  python3
01:09:00 AM 20001    384249   3777.00      0.00 18695448 3834860   1.95  python3
01:09:01 AM 20001    384249   3793.00      0.00 18695448 3853204   1.96  python3
01:09:02 AM 20001    384249   3761.00      0.00 18695448 3871480   1.97  python3
01:09:03 AM 20001    384249   3669.00      0.00 18695448 3889572   1.98  python3
01:09:04 AM 20001    384249   6312.00      0.00 18695448 3907760   1.99  python3
01:09:05 AM 20001    384249   3756.00      0.00 18695448 3925248   2.00  python3
01:09:06 AM 20001    384249   3606.00      0.00 18695448 3942980   2.00  python3
01:09:07 AM 20001    384249   3732.00      0.00 18695448 3961440   2.01  python3
01:09:08 AM 20001    384249   3764.00      0.00 18695448 3979716   2.02  python3
01:09:09 AM 20001    384249   3773.00      0.00 18695448 3998100   2.03  python3
01:09:10 AM 20001    384249   3693.00      0.00 18695448 4016120   2.04  python3
01:09:11 AM 20001    384249   3773.00      0.00 18695448 4034456   2.05  python3
01:09:12 AM 20001    384249   3756.00      0.00 18695448 4052732   2.06  python3
01:09:13 AM 20001    384249   3745.00      0.00 18695448 4071188   2.07  python3
01:09:14 AM 20001    384249   3730.00      0.00 18695448 4089100   2.08  python3
01:09:15 AM 20001    384249   3741.00      0.00 18695448 4107440   2.09  python3
01:09:16 AM 20001    384249   3737.00      0.00 18695448 4125336   2.10  python3
01:09:17 AM 20001    384249   3738.00      0.00 18695448 4143608   2.11  python3
01:09:18 AM 20001    384249   3802.00      0.00 18695448 4162152   2.12  python3
01:09:19 AM 20001    384249   3814.00      0.00 18695448 4180556   2.13  python3
01:09:20 AM 20001    384249   5051.00      0.00 18695448 4199280   2.13  python3
01:09:21 AM 20001    384249   7407.00      0.00 18703488 4224588   2.15  python3
01:09:22 AM 20001    384249   3883.00      0.00 18703488 4243568   2.16  python3
01:09:23 AM 20001    384249   3804.00      0.00 18703488 4262112   2.17  python3
01:09:24 AM 20001    384249   4456.00      0.00 18703488 4280552   2.18  python3
01:09:25 AM 20001    384249   3740.00      0.00 18703488 4298828   2.19  python3
01:09:26 AM 20001    384249   3760.00      0.00 18703488 4317352   2.19  python3
01:09:27 AM 20001    384249   3745.00      0.00 18703488 4335472   2.20  python3
01:09:28 AM 20001    384249   3828.00      0.00 18703488 4354292   2.21  python3
01:09:29 AM 20001    384249   3833.00      0.00 18703488 4372932   2.22  python3
01:09:30 AM 20001    384249   3862.00      0.00 18703488 4392128   2.23  python3
01:09:31 AM 20001    384249   3845.00      0.00 18703488 4410808   2.24  python3
01:09:32 AM 20001    384249   3741.00      0.00 18703488 4429064   2.25  python3
01:09:33 AM 20001    384249   3767.00      0.00 18703488 4447368   2.26  python3
01:09:34 AM 20001    384249   3821.00      0.00 18703488 4466000   2.27  python3
01:09:35 AM 20001    384249   3765.00      0.00 18703488 4484252   2.28  python3
01:09:36 AM 20001    384249   4246.00      0.00 18703488 4502520   2.29  python3
01:09:37 AM 20001    384249   3743.00      0.00 18703488 4520832   2.30  python3
01:09:38 AM 20001    384249   3827.00      0.00 18703488 4539464   2.31  python3
01:09:39 AM 20001    384249   3821.00      0.00 18703488 4558100   2.32  python3
01:09:40 AM 20001    384249   3799.00      0.00 18703488 4576356   2.33  python3
01:09:41 AM 20001    384249   3800.00      0.00 18703488 4595180   2.34  python3
01:09:42 AM 20001    384249   3791.00      0.00 18703488 4613668   2.35  python3
01:09:43 AM 20001    384249   6452.00      0.00 18703488 4632240   2.36  python3
01:09:44 AM 20001    384249   3979.00      0.00 18703488 4651512   2.36  python3
01:09:45 AM 20001    384249   3790.00      0.00 18703488 4669808   2.37  python3
01:09:46 AM 20001    384249   3783.00      0.00 18703488 4688108   2.38  python3
01:09:47 AM 20001    384249   7247.00      0.00 18703488 4706440   2.39  python3
01:09:48 AM 20001    384249   3778.00      0.00 18703488 4724900   2.40  python3
01:09:49 AM 20001    384249   3825.00      0.00 18703488 4743520   2.41  python3
01:09:50 AM 20001    384249   3861.00      0.00 18703488 4762440   2.42  python3
01:09:51 AM 20001    384249   3867.00      0.00 18703488 4781052   2.43  python3
01:09:52 AM 20001    384249   3904.00      0.00 18703488 4800108   2.44  python3
01:09:53 AM 20001    384249   3880.00      0.00 18703488 4818956   2.45  python3
01:09:54 AM 20001    384249   3893.00      0.00 18703488 4838000   2.46  python3
01:09:55 AM 20001    384249   3844.00      0.00 18703488 4856736   2.47  python3
01:09:56 AM 20001    384249   3740.00      0.00 18703488 4875132   2.48  python3
01:09:57 AM 20001    384249   3719.00      0.00 18703488 4893664   2.49  python3
01:09:58 AM 20001    384249   3788.00      0.00 18703488 4911844   2.50  python3
01:09:59 AM 20001    384249   3794.00      0.00 18703488 4930132   2.51  python3
01:10:00 AM 20001    384249   5068.00      0.00 18703488 4948956   2.52  python3
01:10:01 AM 20001    384249   3893.00      0.00 18703488 4967776   2.53  python3
01:10:02 AM 20001    384249   3799.00      0.00 18703488 4986572   2.54  python3
01:10:03 AM 20001    384249   4484.00      0.00 18703488 5004620   2.54  python3
01:10:04 AM 20001    384249   3817.00      0.00 18703488 5022812   2.55  python3
01:10:05 AM 20001    384249   3718.81      0.00 18703488 5041160   2.56  python3
01:10:06 AM 20001    384249   3683.00      0.00 18703488 5059116   2.57  python3
01:10:07 AM 20001    384249   3780.00      0.00 18703488 5077332   2.58  python3
01:10:08 AM 20001    384249   3848.00      0.00 18703488 5096420   2.59  python3
01:10:09 AM 20001    384249   3842.00      0.00 18703488 5115208   2.60  python3
01:10:10 AM 20001    384249   3854.00      0.00 18703488 5134068   2.61  python3
01:10:11 AM 20001    384249   3897.00      0.00 18703488 5153056   2.62  python3
01:10:12 AM 20001    384249   3842.00      0.00 18703488 5171732   2.63  python3
01:10:13 AM 20001    384249   4259.00      0.00 18703488 5190500   2.64  python3
01:10:14 AM 20001    384249   3908.00      0.00 18703488 5209096   2.65  python3
01:10:15 AM 20001    384249   3680.00      0.00 18703488 5227192   2.66  python3
01:10:16 AM 20001    384249   4976.00      0.00 18708800 5250308   2.67  python3
01:10:17 AM 20001    384249   3629.00      0.00 18708800 5268168   2.68  python3
01:10:18 AM 20001    384249   3951.00      0.00 18708800 5287048   2.69  python3
01:10:19 AM 20001    384249   6607.00      0.00 18708800 5306604   2.70  python3
01:10:20 AM 20001    384249   3932.00      0.00 18708800 5325552   2.71  python3
01:10:21 AM 20001    384249   3885.00      0.00 18708800 5344612   2.72  python3
01:10:22 AM 20001    384249   3896.00      0.00 18708800 5363720   2.73  python3
01:10:23 AM 20001    384249   3885.00      0.00 18708800 5382908   2.74  python3
01:10:24 AM 20001    384249   3886.00      0.00 18708800 5401692   2.75  python3
01:10:25 AM 20001    384249   3838.00      0.00 18708800 5420364   2.76  python3
01:10:26 AM 20001    384249   3752.00      0.00 18708800 5438788   2.77  python3
01:10:27 AM 20001    384249   3742.00      0.00 18708800 5457076   2.77  python3
01:10:28 AM 20001    384249   3816.00      0.00 18708800 5476012   2.78  python3
01:10:29 AM 20001    384249   3846.00      0.00 18708800 5494816   2.79  python3
01:10:30 AM 20001    384249   3862.00      0.00 18708800 5513880   2.80  python3
01:10:31 AM 20001    384249   3936.00      0.00 18708800 5532632   2.81  python3
01:10:32 AM 20001    384249   3877.00      0.00 18708800 5551636   2.82  python3
01:10:33 AM 20001    384249   3800.00      0.00 18708800 5570556   2.83  python3
01:10:34 AM 20001    384249   4480.00      0.00 18708800 5589264   2.84  python3
01:10:35 AM 20001    384249   3762.00      0.00 18708800 5607688   2.85  python3
01:10:36 AM 20001    384249   3716.00      0.00 18708800 5625800   2.86  python3
01:10:37 AM 20001    384249   5155.00      0.00 18708800 5644340   2.87  python3
01:10:38 AM 20001    384249   3889.00      0.00 18708800 5663072   2.88  python3
01:10:39 AM 20001    384249   3838.00      0.00 18708800 5681904   2.89  python3
01:10:40 AM 20001    384249   3783.00      0.00 18708800 5700376   2.90  python3
01:10:41 AM 20001    384249   3821.00      0.00 18708800 5719116   2.91  python3
01:10:42 AM 20001    384249   3818.00      0.00 18708800 5737848   2.92  python3
01:10:43 AM 20001    384249   3780.00      0.00 18708800 5756216   2.93  python3
01:10:44 AM 20001    384249   3862.00      0.00 18708800 5774968   2.94  python3
01:10:45 AM 20001    384249   3672.00      0.00 18708800 5792820   2.95  python3
01:10:46 AM 20001    384249   4236.00      0.00 18708800 5811632   2.95  python3
01:10:47 AM 20001    384249   3694.00      0.00 18708800 5829924   2.96  python3
01:10:48 AM 20001    384249   8298.00      0.00 18708800 5847804   2.97  python3
01:10:49 AM 20001    384249   3771.00      0.00 18708800 5866720   2.98  python3
01:10:50 AM 20001    384249   3822.00      0.00 18708800 5885008   2.99  python3
01:10:51 AM 20001    384249   5619.00      0.00 18708800 5903876   3.00  python3
01:10:52 AM 20001    384249   4674.00      0.00 18708800 5922220   3.01  python3
01:10:53 AM 20001    384249   3750.00      0.00 18708800 5940512   3.02  python3
01:10:54 AM 20001    384249   3822.00      0.00 18708800 5959076   3.03  python3
01:10:55 AM 20001    384249   3636.00      0.00 18708800 5976908   3.04  python3
01:10:56 AM 20001    384249   3722.00      0.00 18708800 5995132   3.05  python3
01:10:57 AM 20001    384249   3747.00      0.00 18708800 6013276   3.06  python3
01:10:58 AM 20001    384249   3736.00      0.00 18708800 6031684   3.07  python3
01:10:59 AM 20001    384249   3793.00      0.00 18708800 6050308   3.08  python3
01:11:00 AM 20001    384249   3839.00      0.00 18708800 6069284   3.09  python3
01:11:01 AM 20001    384249   3875.00      0.00 18708800 6087760   3.10  python3
01:11:02 AM 20001    384249   4487.00      0.00 18708800 6106500   3.10  python3
01:11:03 AM 20001    384249   3796.00      0.00 18708800 6125036   3.11  python3
01:11:04 AM 20001    384249   3777.00      0.00 18708800 6143564   3.12  python3
01:11:05 AM 20001    384249   5140.00      0.00 18708800 6161788   3.13  python3
01:11:06 AM 20001    384249   3748.00      0.00 18708800 6180104   3.14  python3
01:11:07 AM 20001    384249   3771.00      0.00 18708800 6198624   3.15  python3
01:11:08 AM 20001    384249   3805.00      0.00 18708800 6217184   3.16  python3
01:11:09 AM 20001    384249   3865.00      0.00 18708800 6236104   3.17  python3
01:11:10 AM 20001    384249   3789.00      0.00 18708800 6254812   3.18  python3
01:11:11 AM 20001    384249   3807.00      0.00 18708800 6273648   3.19  python3
01:11:12 AM 20001    384249   3775.00      0.00 18708800 6292312   3.20  python3
01:11:13 AM 20001    384249   4333.00      0.00 18708800 6311256   3.21  python3
01:11:14 AM 20001    384249   3830.00      0.00 18708800 6329656   3.22  python3
01:11:15 AM 20001    384249   3709.00      0.00 18708800 6347928   3.23  python3
01:11:16 AM 20001    384249   3631.00      0.00 18708800 6365952   3.24  python3
01:11:17 AM 20001    384249   5514.00      0.00 18708800 6383968   3.25  python3
01:11:18 AM 20001    384249   4664.00      0.00 18708800 6402788   3.26  python3
01:11:19 AM 20001    384249   3789.00      0.00 18708800 6421428   3.26  python3
01:11:20 AM 20001    384249   3808.00      0.00 18708800 6440204   3.27  python3
01:11:21 AM 20001    384249   3769.00      0.00 18708800 6458716   3.28  python3
01:11:22 AM 20001    384249   3732.00      0.00 18708800 6476992   3.29  python3
01:11:23 AM 20001    384249   3826.00      0.00 18708800 6495760   3.30  python3
01:11:24 AM 20001    384249   3850.00      0.00 18708800 6514540   3.31  python3
01:11:25 AM 20001    384249   9524.00      0.00 18714124 6537324   3.32  python3
01:11:26 AM 20001    384249   3684.00      0.00 18714124 6555488   3.33  python3
01:11:27 AM 20001    384249   3676.00      0.00 18714124 6573472   3.34  python3
01:11:28 AM 20001    384249   3713.00      0.00 18714124 6591808   3.35  python3
01:11:29 AM 20001    384249   3701.00      0.00 18714124 6610168   3.36  python3
01:11:30 AM 20001    384249   4486.00      0.00 18714124 6628500   3.37  python3
01:11:31 AM 20001    384249   3668.00      0.00 18714124 6646776   3.38  python3
01:11:32 AM 20001    384249   5086.00      0.00 18714124 6665284   3.39  python3
01:11:33 AM 20001    384249   3714.00      0.00 18714124 6683268   3.40  python3
01:11:34 AM 20001    384249   3679.00      0.00 18714124 6701480   3.41  python3
01:11:35 AM 20001    384249   3660.00      0.00 18714124 6719512   3.42  python3
01:11:36 AM 20001    384249   3544.00      0.00 18714124 6737220   3.43  python3
01:11:37 AM 20001    384249   3733.00      0.00 18714124 6755700   3.43  python3
01:11:38 AM 20001    384249   3742.00      0.00 18714124 6774060   3.44  python3
01:11:39 AM 20001    384249   4185.00      0.00 18714124 6792576   3.45  python3
01:11:40 AM 20001    384249   3767.00      0.00 18714124 6811056   3.46  python3
01:11:41 AM 20001    384249   3739.00      0.00 18714124 6829724   3.47  python3
01:11:42 AM 20001    384249   3766.00      0.00 18714124 6848140   3.48  python3
01:11:43 AM 20001    384249   3609.00      0.00 18714124 6865984   3.49  python3
01:11:44 AM 20001    384249   6422.00      0.00 18714124 6884404   3.50  python3
01:11:45 AM 20001    384249   3693.00      0.00 18714124 6902148   3.51  python3
01:11:46 AM 20001    384249   3619.00      0.00 18714124 6919772   3.52  python3
01:11:47 AM 20001    384249   3646.00      0.00 18714124 6938124   3.53  python3
01:11:48 AM 20001    384249   3697.00      0.00 18714124 6956348   3.54  python3
01:11:49 AM 20001    384249   3774.00      0.00 18714124 6975020   3.55  python3
01:11:50 AM 20001    384249   3799.00      0.00 18714124 6993440   3.56  python3
01:11:51 AM 20001    384249   3784.00      0.00 18714124 7012240   3.57  python3
01:11:52 AM 20001    384249   3805.00      0.00 18714124 7030668   3.57  python3
01:11:53 AM 20001    384249   3694.00      0.00 18714124 7049140   3.58  python3
01:11:54 AM 20001    384249   3801.00      0.00 18714124 7068012   3.59  python3
01:11:55 AM 20001    384249   3715.00      0.00 18714124 7086308   3.60  python3
01:11:56 AM 20001    384249   3784.00      0.00 18714124 7104524   3.61  python3
01:11:57 AM 20001    384249   3616.00      0.00 18714124 7122284   3.62  python3
01:11:58 AM 20001    384249   5615.00      0.00 18714124 7140184   3.63  python3
01:11:59 AM 20001    384249   3667.00      0.00 18714124 7158520   3.64  python3
01:12:00 AM 20001    384249   3685.00      0.00 18714124 7176668   3.65  python3
01:12:01 AM 20001    384249   3656.00      0.00 18714124 7194896   3.66  python3
01:12:02 AM 20001    384249   3702.00      0.00 18714124 7213192   3.67  python3
01:12:03 AM 20001    384249   3641.00      0.00 18714124 7231228   3.68  python3
01:12:04 AM 20001    384249   3719.00      0.00 18714124 7249820   3.69  python3
01:12:05 AM 20001    384249   4062.00      0.00 18714124 7267564   3.69  python3
01:12:06 AM 20001    384249   3593.00      0.00 18714124 7285532   3.70  python3
01:12:07 AM 20001    384249   3623.00      0.00 18714124 7303196   3.71  python3
01:12:08 AM 20001    384249   9627.00      0.00 18714124 7321648   3.72  python3
01:12:09 AM 20001    384249   5757.00      0.00 18714124 7340340   3.73  python3
01:12:10 AM 20001    384249   4402.00      0.00 18714124 7358556   3.74  python3
01:12:11 AM 20001    384249   3726.00      0.00 18714124 7377244   3.75  python3
01:12:12 AM 20001    384249   3689.00      0.00 18714124 7395520   3.76  python3
01:12:13 AM 20001    384249   3755.00      0.00 18714124 7414016   3.77  python3
01:12:14 AM 20001    384249   3718.00      0.00 18714124 7432148   3.78  python3
01:12:15 AM 20001    384249   3711.00      0.00 18714124 7450296   3.79  python3
01:12:16 AM 20001    384249   3605.00      0.00 18714124 7468436   3.80  python3
01:12:17 AM 20001    384249   3689.00      0.00 18714124 7486656   3.81  python3
01:12:18 AM 20001    384249   3660.00      0.00 18714124 7504684   3.82  python3
01:12:19 AM 20001    384249   3766.00      0.00 18714124 7523340   3.82  python3
01:12:20 AM 20001    384249   3785.00      0.00 18714124 7541484   3.83  python3
01:12:21 AM 20001    384249   3742.57      0.00 18714124 7560400   3.84  python3
01:12:22 AM 20001    384249   4983.00      0.00 18714124 7578916   3.85  python3
01:12:23 AM 20001    384249   4543.00      0.00 18714124 7597412   3.86  python3
01:12:24 AM 20001    384249   3789.00      0.00 18714124 7616028   3.87  python3
01:12:25 AM 20001    384249   3609.00      0.00 18714124 7634168   3.88  python3
01:12:26 AM 20001    384249   3688.00      0.00 18714124 7652488   3.89  python3
01:12:27 AM 20001    384249   3674.00      0.00 18714124 7670768   3.90  python3
01:12:28 AM 20001    384249   3712.00      0.00 18714124 7689356   3.91  python3
01:12:29 AM 20001    384249   4258.00      0.00 18714124 7707908   3.92  python3
01:12:30 AM 20001    384249   3767.00      0.00 18714124 7726632   3.93  python3
01:12:31 AM 20001    384249   3777.00      0.00 18714124 7745664   3.94  python3
01:12:32 AM 20001    384249   3723.00      0.00 18714124 7764200   3.95  python3
01:12:33 AM 20001    384249   6355.00      0.00 18714124 7782116   3.96  python3
01:12:34 AM 20001    384249   3811.00      0.00 18714124 7800556   3.97  python3
01:12:35 AM 20001    384249   3622.00      0.00 18714124 7818684   3.98  python3
01:12:36 AM 20001    384249   3639.00      0.00 18714124 7836748   3.98  python3
01:12:37 AM 20001    384249   3624.00      0.00 18714124 7854952   3.99  python3
01:12:38 AM 20001    384249   3824.00      0.00 18714124 7873780   4.00  python3
01:12:39 AM 20001    384249   3772.00      0.00 18714124 7892492   4.01  python3
01:12:40 AM 20001    384249   3766.00      0.00 18714124 7911216   4.02  python3
01:12:41 AM 20001    384249   3884.00      0.00 18714124 7930072   4.03  python3
01:12:42 AM 20001    384249   3784.00      0.00 18714124 7948828   4.04  python3
01:12:43 AM 20001    384249   5667.00      0.00 18714124 7967404   4.05  python3
01:12:44 AM 20001    384249   3844.00      0.00 18714124 7986032   4.06  python3
01:12:45 AM 20001    384249   3656.00      0.00 18714124 8004212   4.07  python3
01:12:46 AM 20001    384249   3669.00      0.00 18714124 8022480   4.08  python3
01:12:47 AM 20001    384249   3623.00      0.00 18714124 8040624   4.09  python3
01:12:48 AM 20001    384249   3690.00      0.00 18714124 8059148   4.10  python3
01:12:49 AM 20001    384249   4244.00      0.00 18714124 8077828   4.11  python3
01:12:50 AM 20001    384249   3766.00      0.00 18714124 8096488   4.12  python3
01:12:51 AM 20001    384249   3742.00      0.00 18714124 8115400   4.13  python3
01:12:52 AM 20001    384249   3774.00      0.00 18714124 8134060   4.14  python3
01:12:53 AM 20001    384249   6323.00      0.00 18714124 8152824   4.14  python3
01:12:54 AM 20001    384249   4115.00      0.00 18714124 8171592   4.15  python3
01:12:55 AM 20001    384249   3577.00      0.00 18714124 8189532   4.16  python3
01:12:56 AM 20001    384249  11251.00      0.00 18720856 8213716   4.18  python3
01:12:57 AM 20001    384249   3658.00      0.00 18720856 8232192   4.19  python3
01:12:58 AM 20001    384249   3757.00      0.00 18720856 8250644   4.19  python3
01:12:59 AM 20001    384249   3745.00      0.00 18720856 8269380   4.20  python3
01:13:00 AM 20001    384249   3768.00      0.00 18720856 8288184   4.21  python3
01:13:01 AM 20001    384249   3926.00      0.00 18720856 8307224   4.22  python3
01:13:02 AM 20001    384249   3878.00      0.00 18720856 8326404   4.23  python3
01:13:03 AM 20001    384249   5679.00      0.00 18720856 8344888   4.24  python3
01:13:04 AM 20001    384249   3828.00      0.00 18720856 8363300   4.25  python3
01:13:05 AM 20001    384249   3713.00      0.00 18720856 8382004   4.26  python3
01:13:06 AM 20001    384249   3774.00      0.00 18720856 8400648   4.27  python3
01:13:07 AM 20001    384249   3619.00      0.00 18720856 8418860   4.28  python3
01:13:08 AM 20001    384249   3823.00      0.00 18720856 8438028   4.29  python3
01:13:09 AM 20001    384249   4305.00      0.00 18720856 8456796   4.30  python3
01:13:10 AM 20001    384249   3760.00      0.00 18720856 8475596   4.31  python3
01:13:11 AM 20001    384249   3724.00      0.00 18720856 8493904   4.32  python3
01:13:12 AM 20001    384249   3758.00      0.00 18720856 8512640   4.33  python3
01:13:13 AM 20001    384249   6408.00      0.00 18720856 8530908   4.34  python3
01:13:14 AM 20001    384249   3844.00      0.00 18720856 8549288   4.35  python3
01:13:15 AM 20001    384249   3625.00      0.00 18720856 8567448   4.36  python3
01:13:16 AM 20001    384249   3714.00      0.00 18720856 8586180   4.37  python3
01:13:17 AM 20001    384249   3594.00      0.00 18720856 8603764   4.37  python3
01:13:18 AM 20001    384249   3635.00      0.00 18720856 8621868   4.38  python3
01:13:19 AM 20001    384249   3702.00      0.00 18720856 8640228   4.39  python3
01:13:20 AM 20001    384249   3691.00      0.00 18720856 8658444   4.40  python3
01:13:21 AM 20001    384249   3669.00      0.00 18720856 8676872   4.41  python3
01:13:22 AM 20001    384249   3856.00      0.00 18720856 8695092   4.42  python3
01:13:23 AM 20001    384249   3707.00      0.00 18720856 8713200   4.43  python3
01:13:24 AM 20001    384249   5733.00      0.00 18720856 8731904   4.44  python3
01:13:25 AM 20001    384249   3619.00      0.00 18720856 8749824   4.45  python3
01:13:26 AM 20001    384249   3757.00      0.00 18720856 8768412   4.46  python3
01:13:27 AM 20001    384249   3671.00      0.00 18720856 8786328   4.47  python3
01:13:28 AM 20001    384249   3765.00      0.00 18720856 8805320   4.48  python3
01:13:29 AM 20001    384249   4206.00      0.00 18720856 8823464   4.49  python3
01:13:30 AM 20001    384249   3739.00      0.00 18720856 8841952   4.50  python3
01:13:31 AM 20001    384249   3702.00      0.00 18720856 8860316   4.50  python3
01:13:32 AM 20001    384249   3778.00      0.00 18720856 8878940   4.51  python3
01:13:33 AM 20001    384249   6353.00      0.00 18720856 8896748   4.52  python3
01:13:34 AM 20001    384249   3831.00      0.00 18720856 8915588   4.53  python3
01:13:35 AM 20001    384249   3679.00      0.00 18720856 8933492   4.54  python3
01:13:36 AM 20001    384249   3659.00      0.00 18720856 8951848   4.55  python3
01:13:37 AM 20001    384249   3621.00      0.00 18720856 8969896   4.56  python3
01:13:38 AM 20001    384249   3803.00      0.00 18720856 8988492   4.57  python3
01:13:39 AM 20001    384249   3777.00      0.00 18720856 9007232   4.58  python3
01:13:40 AM 20001    384249   3729.00      0.00 18720856 9025904   4.59  python3
01:13:41 AM 20001    384249   3726.00      0.00 18720856 9044324   4.60  python3
01:13:42 AM 20001    384249   3868.00      0.00 18720856 9063044   4.61  python3
01:13:43 AM 20001    384249   3731.00      0.00 18720856 9081664   4.62  python3
01:13:44 AM 20001    384249   5803.00      0.00 18720856 9100144   4.63  python3
01:13:45 AM 20001    384249   3722.00      0.00 18720856 9118720   4.64  python3
01:13:46 AM 20001    384249   3804.00      0.00 18720856 9137252   4.65  python3
01:13:47 AM 20001    384249   3621.00      0.00 18720856 9155356   4.65  python3
01:13:48 AM 20001    384249   3726.00      0.00 18720856 9173888   4.66  python3
01:13:49 AM 20001    384249  11730.00      0.00 18720856 9191660   4.67  python3
01:13:50 AM 20001    384249   3757.00      0.00 18720856 9210264   4.68  python3
01:13:51 AM 20001    384249   3731.00      0.00 18720856 9228936   4.69  python3
01:13:52 AM 20001    384249   5791.00      0.00 18720856 9247384   4.70  python3
01:13:53 AM 20001    384249   4392.00      0.00 18720856 9265648   4.71  python3
01:13:54 AM 20001    384249   3891.00      0.00 18720856 9284340   4.72  python3
01:13:55 AM 20001    384249   3620.00      0.00 18720856 9302296   4.73  python3
01:13:56 AM 20001    384249   3738.00      0.00 18720856 9320864   4.74  python3
01:13:57 AM 20001    384249   3570.00      0.00 18720856 9338692   4.75  python3
01:13:58 AM 20001    384249   3739.00      0.00 18720856 9356888   4.76  python3
01:13:59 AM 20001    384249   3880.00      0.00 18720856 9375600   4.77  python3
01:14:00 AM 20001    384249   3727.00      0.00 18720856 9394308   4.78  python3
01:14:01 AM 20001    384249   5752.00      0.00 18720856 9412940   4.79  python3
01:14:02 AM 20001    384249   3838.00      0.00 18720856 9431736   4.80  python3
01:14:03 AM 20001    384249   3682.00      0.00 18720856 9450064   4.80  python3
01:14:04 AM 20001    384249   3742.00      0.00 18720856 9468276   4.81  python3
01:14:05 AM 20001    384249   3704.00      0.00 18720856 9486484   4.82  python3
01:14:06 AM 20001    384249   4101.00      0.00 18720856 9504412   4.83  python3
01:14:07 AM 20001    384249   3613.00      0.00 18720856 9522372   4.84  python3
01:14:08 AM 20001    384249   3717.00      0.00 18720856 9540716   4.85  python3
01:14:09 AM 20001    384249   6113.00      0.00 18720856 9559492   4.86  python3
01:14:10 AM 20001    384249   4100.00      0.00 18720856 9577660   4.87  python3
01:14:11 AM 20001    384249   3770.00      0.00 18720856 9596296   4.88  python3
01:14:12 AM 20001    384249   3735.00      0.00 18720856 9614868   4.89  python3
01:14:13 AM 20001    384249   3758.00      0.00 18720856 9633456   4.90  python3
01:14:14 AM 20001    384249   3747.00      0.00 18720856 9651972   4.91  python3
01:14:15 AM 20001    384249   3719.00      0.00 18720856 9670312   4.92  python3
01:14:16 AM 20001    384249   3866.00      0.00 18720856 9688892   4.93  python3
01:14:17 AM 20001    384249   3578.00      0.00 18720856 9706536   4.93  python3
01:14:18 AM 20001    384249   5693.00      0.00 18720856 9724820   4.94  python3
01:14:19 AM 20001    384249   3811.00      0.00 18720856 9743768   4.95  python3
01:14:20 AM 20001    384249   3753.00      0.00 18720856 9762232   4.96  python3
01:14:21 AM 20001    384249   3799.00      0.00 18720856 9780704   4.97  python3
01:14:22 AM 20001    384249   3765.00      0.00 18720856 9799292   4.98  python3
01:14:23 AM 20001    384249   4284.00      0.00 18720856 9817912   4.99  python3
01:14:24 AM 20001    384249   3789.00      0.00 18720856 9836692   5.00  python3
01:14:25 AM 20001    384249   3658.00      0.00 18720856 9854840   5.01  python3
01:14:26 AM 20001    384249   6408.00      0.00 18720856 9873188   5.02  python3
01:14:27 AM 20001    384249   3685.00      0.00 18720856 9891356   5.03  python3
01:14:28 AM 20001    384249   3741.00      0.00 18720856 9909748   5.04  python3
01:14:29 AM 20001    384249   3777.00      0.00 18720856 9928092   5.05  python3
01:14:30 AM 20001    384249  19212.00      1.00 23850440 9947928   5.06  python3
01:14:31 AM 20001    384249 326646.00      0.00 23850440 10020812   5.09  python3
01:14:32 AM 20001    384249 341508.00      0.00 24261644 10433808   5.30  python3
01:14:33 AM 20001    384249    159.00      0.00 24261644 10434276   5.30  python3
01:14:34 AM 20001    384249    220.00      0.00 24261644 10434276   5.30  python3
01:14:35 AM 20001    384249 176751.00      0.00 23857208 10029012   5.10  python3
01:14:36 AM 20001    384249 520012.00      0.00 23857208 10029012   5.10  python3
01:14:37 AM 20001    384249 1060911.00      0.00 26543936 12887944   6.55  python3
01:14:38 AM 20001    384249     10.00      0.00 26543936 12887944   6.55  python3
01:14:39 AM 20001    384249  43081.19      0.00 24069432 11474236   5.83  python3
01:14:40 AM 20001    384249 414796.00      0.00 24282428 11115944   5.65  python3
01:14:41 AM 20001    384249    803.00      0.00 24282428 11116108   5.65  python3
01:14:42 AM 20001    384249      1.00      0.00 24282428 11116108   5.65  python3
01:14:43 AM 20001    384249 121908.00      0.00 24282428 11118512   5.65  python3
01:14:44 AM 20001    384249 338427.00      0.00 23872824 10708908   5.44  python3
01:14:45 AM 20001    384249 679907.00      0.00 24143400 11886076   6.04  python3
01:14:46 AM 20001    384249   6756.00      0.00 24143400 11886076   6.04  python3
01:14:47 AM 20001    384249  78486.00      0.00 23881256 11225384   5.71  python3
01:14:48 AM 20001    384249     79.00      0.00 23881256 11225596   5.71  python3
01:14:49 AM 20001    384249  70981.00      0.00 23881256 11360700   5.78  python3
01:14:50 AM 20001    384249  16677.00      0.00 20198548 7678120   3.90  python3
01:14:51 AM 20001    384249   1157.00      0.00 20199572 7679068   3.90  python3
01:14:52 AM 20001    384249   1912.00      0.00 20200596 7680204   3.90  python3
01:14:53 AM 20001    384249   2626.00      0.00 20202132 7681668   3.91  python3
01:14:54 AM 20001    384249   1492.00      0.00 20203668 7683212   3.91  python3
01:14:55 AM 20001    384249   1613.00      0.00 20205204 7684612   3.91  python3
01:14:56 AM 20001    384249   3102.00      0.00 20206228 7685688   3.91  python3
01:14:57 AM 20001    384249   4563.00      0.00 25627112 8564596   4.35  python3
01:14:58 AM 20001    384249    471.00      0.00 25627112 9529204   4.84  python3
01:14:59 AM 20001    384249    575.00      0.00 25627112 10502004   5.34  python3
01:15:00 AM 20001    384249    476.00      0.00 25627112 11476852   5.83  python3
01:15:01 AM 20001    384249   1172.00      0.00 25627112 12457844   6.33  python3
01:15:02 AM 20001    384249  43110.00      0.00 25638632 12594392   6.40  python3
01:15:03 AM 20001    384249   8283.00      0.00 25654248 12609936   6.41  python3
01:15:04 AM 20001    384249   8870.00      0.00 25671400 12626996   6.42  python3
01:15:05 AM 20001    384249   8025.00      0.00 25688552 12644148   6.43  python3
01:15:06 AM 20001    384249   8813.00      0.00 25707240 12662984   6.44  python3
01:15:07 AM 20001    384249  27226.00      0.00 25723368 12679168   6.45  python3
01:15:08 AM 20001    384249  15607.00      0.00 25758452 12714728   6.46  python3
01:15:09 AM 20001    384249  44572.00      0.00 25773556 12729904   6.47  python3
01:15:10 AM 20001    384249  10685.00      0.00 25791988 12748368   6.48  python3
01:15:11 AM 20001    384249  10948.00      0.00 25812660 12768964   6.49  python3
01:15:12 AM 20001    384249  59852.00      0.00 25832328 12788680   6.50  python3
01:15:13 AM 20001    384249  12615.00      0.00 25860056 12816656   6.52  python3
01:15:14 AM 20001    384249  11159.00      0.00 25886808 12843428   6.53  python3
01:15:15 AM 20001    384249  20668.00      0.00 25912520 12869396   6.54  python3
01:15:16 AM 20001    384249  24870.00      0.00 25932832 12889656   6.55  python3
01:15:17 AM 20001    384249  12058.00      0.00 25960880 12917612   6.57  python3
01:15:18 AM 20001    384249  14898.00      0.00 25989692 12946504   6.58  python3
01:15:19 AM 20001    384249  16728.00      0.00 26017584 12974604   6.60  python3
01:15:20 AM 20001    384249  96124.00      0.00 26035832 12992780   6.61  python3
01:15:21 AM 20001    384249  10276.00      0.00 26065048 13022188   6.62  python3
01:15:22 AM 20001    384249  10696.00      0.00 26094624 13051720   6.64  python3
01:15:23 AM 20001    384249  10757.00      0.00 26127800 13084880   6.65  python3
01:15:24 AM 20001    384249   8894.00      0.00 26155016 13112256   6.67  python3
01:15:25 AM 20001    384249   6926.00      0.00 26176724 13133896   6.68  python3
01:15:26 AM 20001    384249   7058.00      0.00 26199960 13157188   6.69  python3
01:15:27 AM 20001    384249  11953.00      0.00 26229668 13187040   6.70  python3
01:15:28 AM 20001    384249  10448.00      0.00 26258868 13216332   6.72  python3
01:15:29 AM 20001    384249  11641.00      0.00 26286500 13244184   6.73  python3
01:15:30 AM 20001    384249  13172.00      0.00 26314516 13272336   6.75  python3
01:15:31 AM 20001    384249  12690.00      0.00 26344616 13302300   6.76  python3
01:15:32 AM 20001    384249 107999.00      0.00 26359084 13316912   6.77  python3
01:15:33 AM 20001    384249   7497.00      0.00 26382852 13340648   6.78  python3
01:15:34 AM 20001    384249   9117.00      0.00 26411400 13369100   6.80  python3
01:15:35 AM 20001    384249   9700.00      0.00 26439524 13397352   6.81  python3
01:15:36 AM 20001    384249   8681.00      0.00 26469104 13427128   6.83  python3
01:15:37 AM 20001    384249   9731.00      0.00 26499580 13457512   6.84  python3
01:15:38 AM 20001    384249   9045.00      0.00 26531076 13489192   6.86  python3
01:15:39 AM 20001    384249  12015.00      0.00 26561044 13519180   6.87  python3
01:15:40 AM 20001    384249  33177.00      0.00 26585448 13543820   6.89  python3
01:15:41 AM 20001    384249   8851.00      0.00 26601456 13559652   6.89  python3
01:15:42 AM 20001    384249  14267.00      0.00 26632416 13590632   6.91  python3
01:15:43 AM 20001    384249  12060.00      0.00 26663152 13621544   6.93  python3
01:15:44 AM 20001    384249  11457.00      0.00 26694524 13652828   6.94  python3
01:15:45 AM 20001    384249  13058.00      0.00 26732604 13691144   6.96  python3
01:15:46 AM 20001    384249  14547.00      0.00 26783804 13739648   6.99  python3
01:15:47 AM 20001    384249   9935.00      0.00 26806588 13762656   7.00  python3
01:15:48 AM 20001    384249   8002.00      0.00 26830396 13786372   7.01  python3
01:15:49 AM 20001    384249   8396.00      0.00 26855848 13811984   7.02  python3
01:15:50 AM 20001    384249   5330.00      0.00 26873140 13829328   7.03  python3
01:15:51 AM 20001    384249   7841.00      0.00 26897676 13853924   7.04  python3
01:15:52 AM 20001    384249  10332.00      0.00 26930184 13886380   7.06  python3
01:15:53 AM 20001    384249  10496.00      0.00 26961416 13917816   7.08  python3
01:15:54 AM 20001    384249   9557.00      0.00 26993284 13949608   7.09  python3
01:15:55 AM 20001    384249  10261.00      0.00 27025284 13981604   7.11  python3
01:15:56 AM 20001    384249   9700.00      0.00 27057540 14014072   7.12  python3
01:15:57 AM 20001    384249   9886.00      0.00 27088240 14045080   7.14  python3
01:15:58 AM 20001    384249   9200.00      0.00 27117416 14074032   7.16  python3
01:15:59 AM 20001    384249   9319.00      0.00 27148268 14104924   7.17  python3
01:16:00 AM 20001    384249   9185.00      0.00 27180268 14137180   7.19  python3
01:16:01 AM 20001    384249   8918.00      0.00 27212908 14169812   7.20  python3
01:16:02 AM 20001    384249   1638.00      0.00 27218984 14175936   7.21  python3
01:16:03 AM 20001    384249   9042.00      0.00 27249972 14206940   7.22  python3
01:16:04 AM 20001    384249   8929.00      0.00 27281332 14238368   7.24  python3
01:16:05 AM 20001    384249   8708.00      0.00 27313584 14270628   7.26  python3
01:16:06 AM 20001    384249  11593.00      0.00 27345456 14302616   7.27  python3
01:16:07 AM 20001    384249  10830.00      0.00 27377584 14334848   7.29  python3
01:16:08 AM 20001    384249  11761.00      0.00 27409092 14366368   7.30  python3
01:16:09 AM 20001    384249  13028.00      0.00 27440964 14398276   7.32  python3
01:16:10 AM 20001    384249  15541.00      0.00 27472288 14429780   7.34  python3
01:16:11 AM 20001    384249  13819.00      0.00 27504668 14462332   7.35  python3
01:16:12 AM 20001    384249  14972.00      0.00 27536656 14494248   7.37  python3
01:16:13 AM 20001    384249  15998.00      0.00 27568540 14526372   7.39  python3
01:16:14 AM 20001    384249  21313.00      0.00 27599760 14557380   7.40  python3
01:16:15 AM 20001    384249  18674.00      0.00 27630344 14588128   7.42  python3
01:16:16 AM 20001    384249 220420.00      0.00 27645824 14603660   7.42  python3
01:16:17 AM 20001    384249  28545.00      0.00 27654076 14611844   7.43  python3
01:16:18 AM 20001    384249  10633.00      0.00 27687104 14645192   7.45  python3
01:16:19 AM 20001    384249  12742.00      0.00 25160720 9796492   4.98  python3
01:16:20 AM 20001    384249    908.00      0.00 25160720 10721952   5.45  python3
01:16:21 AM 20001    384249    456.00      0.00 25160720 11655880   5.93  python3
01:16:22 AM 20001    384249   7055.00      0.00 25175924 12133952   6.17  python3
01:16:23 AM 20001    384249  10535.00      0.00 25211636 12169520   6.19  python3
01:16:24 AM 20001    384249   9988.00      0.00 25247596 12205628   6.21  python3
01:16:25 AM 20001    384249   9392.00      0.00 25282672 12240884   6.22  python3
01:16:26 AM 20001    384249   9308.00      0.00 25317732 12275784   6.24  python3
01:16:27 AM 20001    384249   9214.00      0.00 25352404 12310592   6.26  python3
01:16:28 AM 20001    384249   9218.00      0.00 25386700 12345100   6.28  python3
01:16:29 AM 20001    384249   9002.00      0.00 25421132 12379388   6.29  python3
01:16:30 AM 20001    384249   9250.00      0.00 25456332 12414744   6.31  python3
01:16:31 AM 20001    384249  16076.00      0.00 25507496 12465936   6.34  python3
01:16:32 AM 20001    384249  20983.00      0.00 25560564 12516108   6.36  python3
01:16:33 AM 20001    384249   8938.00      0.00 25586932 12542624   6.38  python3
01:16:34 AM 20001    384249   9041.00      0.00 25613300 12568904   6.39  python3
01:16:35 AM 20001    384249 288125.00      0.00 25621236 12576936   6.39  python3
01:16:36 AM 20001    384249  71172.00      0.00 25621236 12576936   6.39  python3
01:16:37 AM 20001    384249   9616.00      0.00 25646836 12602412   6.41  python3
01:16:38 AM 20001    384249  12383.00      0.00 25677560 12633428   6.42  python3
01:16:39 AM 20001    384249  10852.00      0.00 25711844 12667832   6.44  python3
01:16:40 AM 20001    384249  10830.00      0.00 25747172 12703168   6.46  python3
01:16:41 AM 20001    384249  10539.00      0.00 25782228 12738184   6.48  python3
01:16:42 AM 20001    384249  10717.00      0.00 25818044 12774092   6.49  python3
01:16:43 AM 20001    384249  10156.00      0.00 25853204 12809332   6.51  python3
01:16:44 AM 20001    384249  10194.00      0.00 25888628 12844752   6.53  python3
01:16:45 AM 20001    384249  11451.00      0.00 25923808 12880320   6.55  python3
01:16:46 AM 20001    384249  13432.00      0.00 25958600 12915112   6.57  python3
01:16:47 AM 20001    384249  13861.00      0.00 25993908 12950408   6.58  python3
01:16:48 AM 20001    384249  13799.01      0.00 26029336 12985720   6.60  python3
01:16:49 AM 20001    384249  13199.00      0.00 26064008 13020468   6.62  python3
01:16:50 AM 20001    384249  14788.00      0.00 26099064 13055776   6.64  python3
01:16:51 AM 20001    384249  12439.00      0.00 26134620 13091264   6.66  python3
01:16:52 AM 20001    384249  12484.00      0.00 26169524 13126268   6.67  python3
01:16:53 AM 20001    384249  13285.00      0.00 26203524 13160464   6.69  python3
01:16:54 AM 20001    384249  15914.00      0.00 26235208 13192284   6.71  python3
01:16:55 AM 20001    384249 359649.00      0.00 26235208 13192284   6.71  python3
01:16:56 AM 20001    384249  68329.00      0.00 26235208 13192284   6.71  python3
01:16:57 AM 20001    384249   2807.00      0.00 26244100 13201176   6.71  python3
01:16:58 AM 20001    384249  10621.00      0.00 26277980 13234868   6.73  python3
01:16:59 AM 20001    384249  10247.00      0.00 26309672 13266600   6.74  python3
01:17:00 AM 20001    384249  10258.00      0.00 26344072 13301200   6.76  python3
01:17:01 AM 20001    384249  10736.00      0.00 26377932 13334956   6.78  python3
01:17:02 AM 20001    384249  11271.00      0.00 26412844 13369992   6.80  python3
01:17:03 AM 20001    384249  12987.00      0.00 26446068 13403500   6.81  python3
01:17:04 AM 20001    384249  12576.00      0.00 26478768 13436008   6.83  python3
01:17:05 AM 20001    384249  11676.00      0.00 26513476 13470964   6.85  python3
01:17:06 AM 20001    384249  10969.00      0.00 26547876 13505380   6.87  python3
01:17:07 AM 20001    384249  10507.00      0.00 26582772 13540400   6.88  python3
01:17:08 AM 20001    384249  10638.00      0.00 26617548 13575024   6.90  python3
01:17:09 AM 20001    384249  10208.00      0.00 24474984 11431968   5.81  python3
01:17:10 AM 20001    384249  10903.00      0.00 24512180 11469352   5.83  python3
01:17:11 AM 20001    384249  10187.00      0.00 24549772 11506836   5.85  python3
01:17:12 AM 20001    384249   9888.00      0.00 24586984 11544320   5.87  python3
01:17:13 AM 20001    384249   9665.00      0.00 24624440 11581484   5.89  python3
01:17:14 AM 20001    384249  52335.00      0.00 27748208 11493508   5.84  python3
01:17:15 AM 20001    384249    600.00      0.00 27748208 12526012   6.37  python3
01:17:16 AM 20001    384249   1247.00      0.00 27748208 13545916   6.89  python3
01:17:17 AM 20001    384249    509.00      0.00 27748208 14582204   7.41  python3
01:17:18 AM 20001    384249 305730.00      0.00 28967360 15924376   8.10  python3
01:17:19 AM 20001    384249 213184.00      0.00 29818044 16777056   8.53  python3
01:17:20 AM 20001    384249  14897.00      0.00 29833828 16791772   8.54  python3
01:17:21 AM 20001    384249   2987.00      0.00 33095860 19765768  10.05  python3
01:17:22 AM 20001    384249  12350.00      0.00 33178524 20123816  10.23  python3
01:17:23 AM 20001    384249     65.00      0.00 33178524 20123816  10.23  python3
01:17:24 AM 20001    384249    160.00      0.00 33178524 20123816  10.23  python3
01:17:25 AM 20001    384249     64.00      0.00 33178524 20123824  10.23  python3
01:17:26 AM 20001    384249     68.00      0.00 33178524 20124088  10.23  python3
01:17:27 AM 20001    384249     28.00      0.00 33178524 20124088  10.23  python3
01:17:28 AM 20001    384249     27.00      0.00 33178524 20124240  10.23  python3
01:17:29 AM 20001    384249     27.00      0.00 33178524 20124244  10.23  python3
01:17:30 AM 20001    384249     32.00      0.00 33178524 20124252  10.23  python3
01:17:31 AM 20001    384249     31.00      0.00 33178524 20124320  10.23  python3
01:17:32 AM 20001    384249     29.00      0.00 33178524 20124324  10.23  python3
01:17:33 AM 20001    384249     75.00      0.00 33178524 20124324  10.23  python3
01:17:34 AM 20001    384249   9163.00      0.00 33178524 20124352  10.23  python3
01:17:35 AM 20001    384249  90621.00      0.00 33178524 20124612  10.23  python3
01:17:36 AM 20001    384249 209585.00      0.00 33178524 20124824  10.23  python3
01:17:37 AM 20001    384249 197326.00      0.00 33178524 20124876  10.23  python3
01:17:38 AM 20001    384249 121808.00      0.00 33178524 20124924  10.23  python3
01:17:39 AM 20001    384249    130.00      0.00 33178524 20124940  10.23  python3
01:17:40 AM 20001    384249    130.00      0.00 33178524 20124940  10.23  python3
01:17:41 AM 20001    384249    134.00      0.00 33178524 20124940  10.23  python3
01:17:42 AM 20001    384249    131.00      0.00 33178524 20124940  10.23  python3
01:17:43 AM 20001    384249    128.00      0.00 33178524 20124992  10.23  python3
01:17:44 AM 20001    384249    131.00      0.00 33178524 20125180  10.23  python3
01:17:45 AM 20001    384249    143.00      0.00 33178524 20125180  10.23  python3
01:17:46 AM 20001    384249    171.00      0.00 33178524 20125292  10.23  python3
01:17:47 AM 20001    384249    165.00      0.00 33178524 20125292  10.23  python3
01:17:48 AM 20001    384249    198.00      0.00 33178524 20125472  10.23  python3
01:17:49 AM 20001    384249    191.00      0.00 33178524 20125472  10.23  python3
01:17:50 AM 20001    384249    185.00      0.00 33178524 20125472  10.23  python3
01:17:51 AM 20001    384249    204.00      0.00 33178524 20125472  10.23  python3
01:17:52 AM 20001    384249    185.00      0.00 33178524 20125764  10.23  python3
01:17:53 AM 20001    384249    181.00      0.00 33178524 20125764  10.23  python3
01:17:54 AM 20001    384249    179.00      0.00 33178524 20125764  10.23  python3
01:17:55 AM 20001    384249    154.00      0.00 33178524 20125768  10.23  python3
01:17:56 AM 20001    384249    163.00      0.00 33178524 20126076  10.23  python3
01:17:57 AM 20001    384249    148.00      0.00 33178524 20126076  10.23  python3
01:17:58 AM 20001    384249    168.00      0.00 33178524 20126076  10.23  python3
01:17:59 AM 20001    384249    202.00      0.00 33178524 20126076  10.23  python3
01:18:00 AM 20001    384249  25546.00      0.00 33178524 20126436  10.23  python3
01:18:01 AM 20001    384249 136601.00      0.00 33178524 20126588  10.23  python3
01:18:02 AM 20001    384249 121535.00      0.00 33178524 20126748  10.23  python3
01:18:03 AM 20001    384249 103367.00      0.00 33178524 20126832  10.23  python3
01:18:04 AM 20001    384249 121454.00      0.00 33178524 20126944  10.23  python3
01:18:05 AM 20001    384249  34749.00      0.00 33178524 20126968  10.23  python3
01:18:06 AM 20001    384249    179.00      0.00 33178524 20126968  10.23  python3
01:18:07 AM 20001    384249    184.00      0.00 33178524 20126968  10.23  python3
01:18:08 AM 20001    384249    201.00      0.00 33178524 20127104  10.23  python3
01:18:09 AM 20001    384249    270.00      0.00 33178524 20127104  10.23  python3
01:18:10 AM 20001    384249    242.00      0.00 33178524 20127104  10.23  python3
01:18:11 AM 20001    384249    243.00      0.00 33178524 20127104  10.23  python3
01:18:12 AM 20001    384249   1388.00      0.00 33178524 20127104  10.23  python3
01:18:13 AM 20001    384249   2287.00      0.00 36440556 20906096  10.63  python3
01:18:14 AM 20001    384249   1605.00      0.00 36440556 22528112  11.45  python3
01:18:15 AM 20001    384249  47471.00      0.00 33183132 20131640  10.24  python3
01:18:16 AM 20001    384249  37310.00      0.00 33203100 20151740  10.25  python3
01:18:17 AM 20001    384249  52242.00      0.00 33218716 20167452  10.25  python3
01:18:18 AM 20001    384249  46174.00      0.00 33236380 20185292  10.26  python3
01:18:19 AM 20001    384249  50465.00      0.00 33252508 20205428  10.27  python3
01:18:20 AM 20001    384249  41762.00      0.00 33269660 20228428  10.28  python3
01:18:21 AM 20001    384249  42893.00      0.00 33287324 20252272  10.30  python3
01:18:22 AM 20001    384249  42654.00      0.00 33310544 20275672  10.31  python3
01:18:23 AM 20001    384249  91524.00      0.00 33328868 20294140  10.32  python3
01:18:24 AM 20001    384249 326682.00      0.00 33328868 20294140  10.32  python3
01:18:25 AM 20001    384249 126601.00      0.00 33328868 20294140  10.32  python3
01:18:26 AM 20001    384249      1.00      0.00 33328868 20294140  10.32  python3
01:18:27 AM 20001    384249  24530.00      0.00 33351980 20317084  10.33  python3
01:18:28 AM 20001    384249  22575.00      0.00 33378972 20344236  10.34  python3
01:18:29 AM 20001    384249  18885.00      0.00 33404680 20370008  10.36  python3
01:18:30 AM 20001    384249  16017.00      0.00 33430112 20395464  10.37  python3
01:18:31 AM 20001    384249  19970.00      0.00 33456452 20422044  10.38  python3
01:18:32 AM 20001    384249  37060.00      0.00 33509416 20471512  10.41  python3
01:18:33 AM 20001    384249  70481.00      0.00 33527080 20489152  10.42  python3
01:18:34 AM 20001    384249  70922.00      0.00 33544488 20506616  10.43  python3
01:18:35 AM 20001    384249  66417.00      0.00 33561384 20523568  10.43  python3
01:18:36 AM 20001    384249  52302.00      0.00 33579048 20541348  10.44  python3
01:18:37 AM 20001    384249  55074.00      0.00 33598092 20560604  10.45  python3
01:18:38 AM 20001    384249  46974.00      0.00 33622496 20584964  10.47  python3
01:18:39 AM 20001    384249  49324.00      0.00 33646400 20608944  10.48  python3
01:18:40 AM 20001    384249  71360.00      0.00 33669888 20632448  10.49  python3
01:18:41 AM 20001    384249  60648.00      0.00 33693144 20655876  10.50  python3
01:18:42 AM 20001    384249  71291.00      0.00 33716120 20678848  10.51  python3
01:18:43 AM 20001    384249  65023.00      0.00 33738588 20701476  10.52  python3
01:18:44 AM 20001    384249  53604.00      0.00 33762464 20725356  10.54  python3
01:18:45 AM 20001    384249  42395.00      0.00 33787888 20750684  10.55  python3
01:18:46 AM 20001    384249  34890.00      0.00 33813672 20776648  10.56  python3
01:18:47 AM 20001    384249  33683.17      0.00 33836268 20799320  10.57  python3
01:18:48 AM 20001    384249  45147.00      0.00 33859644 20822572  10.59  python3
01:18:49 AM 20001    384249  44085.00      0.00 33881332 20844444  10.60  python3
01:18:50 AM 20001    384249  30496.00      0.00 33902396 20865452  10.61  python3
01:18:51 AM 20001    384249  29422.00      0.00 33926300 20889400  10.62  python3
01:18:52 AM 20001    384249  44576.00      0.00 33949288 20912592  10.63  python3
01:18:53 AM 20001    384249  57187.00      0.00 33972148 20935388  10.64  python3
01:18:54 AM 20001    384249  72820.00      0.00 33991768 20955084  10.65  python3
01:18:55 AM 20001    384249  49465.00      0.00 34009992 20973420  10.66  python3
01:18:56 AM 20001    384249  40349.00      0.00 34030800 20994276  10.67  python3
01:18:57 AM 20001    384249  31555.00      0.00 34051976 21015592  10.68  python3
01:18:58 AM 20001    384249  44864.00      0.00 34073276 21036824  10.70  python3
01:18:59 AM 20001    384249  44885.00      0.00 34094940 21058432  10.71  python3
01:19:00 AM 20001    384249  50966.00      0.00 34115088 21078696  10.72  python3
01:19:01 AM 20001    384249  37141.00      0.00 34137300 21100848  10.73  python3
01:19:02 AM 20001    384249  36457.00      0.00 34156804 21120448  10.74  python3
01:19:03 AM 20001    384249  35985.00      0.00 34176956 21140588  10.75  python3
01:19:04 AM 20001    384249  32958.00      0.00 34196724 21160568  10.76  python3
01:19:05 AM 20001    384249  23214.00      0.00 34217896 21181732  10.77  python3
01:19:06 AM 20001    384249  19264.00      0.00 34238312 21202184  10.78  python3
01:19:07 AM 20001    384249  16221.00      0.00 34260388 21224132  10.79  python3
01:19:08 AM 20001    384249  14224.00      0.00 34281172 21245136  10.80  python3
01:19:09 AM 20001    384249  12233.00      0.00 34300932 21264820  10.81  python3
01:19:10 AM 20001    384249  19163.00      0.00 34320964 21284792  10.82  python3
01:19:11 AM 20001    384249  27844.00      0.00 34339688 21303872  10.83  python3
01:19:12 AM 20001    384249  35753.00      0.00 34357752 21321904  10.84  python3
01:19:13 AM 20001    384249  35167.00      0.00 34375196 21339328  10.85  python3
01:19:14 AM 20001    384249  35192.00      0.00 34391988 21356104  10.86  python3
01:19:15 AM 20001    384249 258472.00      0.00 34393920 21358192  10.86  python3
01:19:16 AM 20001    384249 171119.00      0.00 34393920 21358192  10.86  python3
01:19:17 AM 20001    384249  47835.00      0.00 34393920 21358192  10.86  python3
01:19:18 AM 20001    384249  48488.00      0.00 34405676 21369772  10.86  python3
01:19:19 AM 20001    384249  14895.00      0.00 34424260 21388592  10.87  python3
01:19:20 AM 20001    384249  24992.00      0.00 34443236 21407444  10.88  python3
01:19:21 AM 20001    384249  35193.00      0.00 34462984 21427332  10.89  python3
01:19:22 AM 20001    384249  45162.00      0.00 34482196 21446480  10.90  python3
01:19:23 AM 20001    384249  50419.00      0.00 34499768 21464136  10.91  python3
01:19:24 AM 20001    384249  51374.00      0.00 34517948 21482316  10.92  python3
01:19:25 AM 20001    384249  46418.00      0.00 34535732 21500104  10.93  python3
01:19:26 AM 20001    384249  33428.00      0.00 34553272 21517840  10.94  python3
01:19:27 AM 20001    384249  34128.00      0.00 34608364 21572892  10.97  python3
01:19:28 AM 20001    384249  21215.00      0.00 34622956 21587576  10.98  python3
01:19:29 AM 20001    384249  16139.00      0.00 34638572 21603048  10.98  python3
01:19:30 AM 20001    384249  32253.00      0.00 34652652 21617384  10.99  python3
01:19:31 AM 20001    384249  44536.00      0.00 34668012 21632548  11.00  python3
01:19:32 AM 20001    384249  48529.00      0.00 34685672 21650476  11.01  python3
01:19:33 AM 20001    384249  31532.00      0.00 34703744 21668568  11.02  python3
01:19:34 AM 20001    384249  28849.00      0.00 34722708 21687640  11.03  python3
01:19:35 AM 20001    384249  44772.00      0.00 34742464 21707292  11.04  python3
01:19:36 AM 20001    384249  30763.00      0.00 34761440 21726404  11.05  python3
01:19:37 AM 20001    384249  20386.00      0.00 34779524 21744508  11.06  python3
01:19:38 AM 20001    384249  14647.00      0.00 34798480 21763652  11.06  python3
01:19:39 AM 20001    384249  11214.00      0.00 34816284 21781236  11.07  python3
01:19:40 AM 20001    384249   9605.00      0.00 34835272 21800212  11.08  python3
01:19:41 AM 20001    384249   8756.00      0.00 34853988 21819064  11.09  python3
01:19:42 AM 20001    384249   8658.00      0.00 34873844 21839112  11.10  python3
01:19:43 AM 20001    384249  17041.00      0.00 34893828 21859120  11.11  python3
01:19:44 AM 20001    384249  23458.00      0.00 34915104 21880196  11.12  python3
01:19:45 AM 20001    384249  31996.00      0.00 34936252 21901744  11.14  python3
01:19:46 AM 20001    384249  40650.00      0.00 34955220 21920624  11.14  python3
01:19:47 AM 20001    384249  39647.00      0.00 34977392 21942696  11.16  python3
01:19:48 AM 20001    384249  41274.00      0.00 34996864 21962232  11.17  python3
01:19:49 AM 20001    384249  35300.00      0.00 35016456 21981840  11.18  python3
01:19:50 AM 20001    384249  23401.00      0.00 35035672 22001140  11.19  python3
01:19:51 AM 20001    384249  18030.00      0.00 35057072 22022536  11.20  python3
01:19:52 AM 20001    384249 115652.00      0.00 35107400 22069032  11.22  python3
01:19:53 AM 20001    384249 135316.00      0.00 35119432 22081068  11.23  python3
01:19:54 AM 20001    384249 145447.00      0.00 35128136 22089948  11.23  python3
01:19:55 AM 20001    384249 103952.00      0.00 35137864 22099664  11.24  python3
01:19:56 AM 20001    384249  98330.00      0.00 35152712 22114516  11.24  python3
01:19:57 AM 20001    384249  75211.00      0.00 35169352 22131276  11.25  python3
01:19:58 AM 20001    384249 122424.00      0.00 35182152 22144016  11.26  python3
01:19:59 AM 20001    384249  40931.00      0.00 30360680 16253200   8.26  python3
01:20:00 AM 20001    384249   1018.00      0.00 30360680 17256764   8.77  python3
01:20:01 AM 20001    384249 309663.00      0.00 31572984 18534488   9.42  python3
01:20:02 AM 20001    384249  47675.00      0.00 31572984 18534672   9.42  python3
01:20:03 AM 20001    384249 379642.00      0.00 31572984 18534672   9.42  python3
01:20:04 AM 20001    384249  30660.00      0.00 31572984 18535096   9.42  python3
01:20:05 AM 20001    384249    533.00      0.00 31572984 18535096   9.42  python3
01:20:06 AM 20001    384249   6003.00      0.00 31572984 18535096   9.42  python3
01:20:07 AM 20001    384249  83722.00      0.00 31572984 18535096   9.42  python3
01:20:08 AM 20001    384249 113369.00      0.00 31572984 18535096   9.42  python3
01:20:09 AM 20001    384249  77241.00      0.00 31572984 18535096   9.42  python3
01:20:10 AM 20001    384249  76412.00      0.00 31572984 18535096   9.42  python3
01:20:11 AM 20001    384249    579.00      0.00 31572984 18535096   9.42  python3
01:20:12 AM 20001    384249    561.00      0.00 31572984 18535096   9.42  python3
01:20:13 AM 20001    384249    564.00      0.00 31572984 18535096   9.42  python3
01:20:14 AM 20001    384249    576.00      0.00 31572984 18535096   9.42  python3
01:20:15 AM 20001    384249    564.00      0.00 31572984 18535096   9.42  python3
01:20:16 AM 20001    384249    591.00      0.00 31572984 18535096   9.42  python3
01:20:17 AM 20001    384249    590.00      0.00 31572984 18535096   9.42  python3
01:20:18 AM 20001    384249    687.00      0.00 31572984 18535096   9.42  python3
01:20:19 AM 20001    384249    591.00      0.00 31572984 18535096   9.42  python3
01:20:20 AM 20001    384249    594.00      0.00 31572984 18535096   9.42  python3
01:20:21 AM 20001    384249    582.00      0.00 31572984 18535096   9.42  python3
01:20:22 AM 20001    384249    628.00      0.00 31572984 18535096   9.42  python3
01:20:23 AM 20001    384249    616.00      0.00 31572984 18535096   9.42  python3
01:20:24 AM 20001    384249    611.00      0.00 31572984 18535096   9.42  python3
01:20:25 AM 20001    384249    630.00      0.00 31572984 18535096   9.42  python3
01:20:26 AM 20001    384249    610.00      0.00 31572984 18535096   9.42  python3
01:20:27 AM 20001    384249    615.00      0.00 31572984 18535096   9.42  python3
01:20:28 AM 20001    384249    636.00      0.00 31572984 18535096   9.42  python3
01:20:29 AM 20001    384249    674.00      0.00 31572984 18535096   9.42  python3
01:20:30 AM 20001    384249 110154.00      0.00 31572984 18535096   9.42  python3
01:20:31 AM 20001    384249 136260.00      0.00 33311636 19710192  10.02  python3
01:20:32 AM 20001    384249  33291.00      0.00 31589880 18552088   9.43  python3
01:20:33 AM 20001    384249  40676.00      0.00 31613688 18575988   9.44  python3
01:20:34 AM 20001    384249  27536.00      0.00 31637496 18599712   9.46  python3
01:20:35 AM 20001    384249  30855.00      0.00 31660792 18623072   9.47  python3
01:20:36 AM 20001    384249  34907.00      0.00 31683832 18646128   9.48  python3
01:20:37 AM 20001    384249  28845.00      0.00 31707128 18669556   9.49  python3
01:20:38 AM 20001    384249  27637.00      0.00 31730936 18693424   9.50  python3
01:20:39 AM 20001    384249  24307.00      0.00 31754744 18717260   9.52  python3
01:20:40 AM 20001    384249  19531.00      0.00 31777272 18739944   9.53  python3
01:20:41 AM 20001    384249  19013.00      0.00 31800312 18762904   9.54  python3
01:20:42 AM 20001    384249  23289.00      0.00 31824120 18786968   9.55  python3
01:20:43 AM 20001    384249  23053.47      0.00 31847928 18810764   9.56  python3
01:20:44 AM 20001    384249  19821.00      0.00 31871736 18834496   9.58  python3
01:20:45 AM 20001    384249  20844.00      0.00 31896056 18858968   9.59  python3
01:20:46 AM 20001    384249  18729.00      0.00 31919608 18882572   9.60  python3
01:20:47 AM 20001    384249  16046.00      0.00 31942648 18905668   9.61  python3
01:20:48 AM 20001    384249  14988.00      0.00 31964920 18927900   9.62  python3
01:20:49 AM 20001    384249 419234.00      0.00 31971064 18934164   9.63  python3
01:20:50 AM 20001    384249 349783.00      0.00 31971064 18934164   9.63  python3
01:20:51 AM 20001    384249  28176.00      0.00 31971064 18934164   9.63  python3
01:20:52 AM 20001    384249   6989.00      0.00 31975928 18939084   9.63  python3
01:20:53 AM 20001    384249  20455.00      0.00 31997176 18960268   9.64  python3
01:20:54 AM 20001    384249  21978.00      0.00 32017400 18980396   9.65  python3
01:20:55 AM 20001    384249  14176.00      0.00 32038904 19002256   9.66  python3
01:20:56 AM 20001    384249  12202.00      0.00 32060152 19023296   9.67  python3
01:20:57 AM 20001    384249  10444.00      0.00 32080888 19044092   9.68  python3
01:20:58 AM 20001    384249   9936.00      0.00 32101368 19064664   9.69  python3
01:20:59 AM 20001    384249   9283.00      0.00 32122104 19085688   9.70  python3
01:21:00 AM 20001    384249   8841.00      0.00 32142584 19106044   9.71  python3
01:21:01 AM 20001    384249  10208.00      0.00 32165624 19129088   9.73  python3
01:21:02 AM 20001    384249   7979.00      0.00 32185592 19149248   9.74  python3
01:21:03 AM 20001    384249   7397.00      0.00 32205304 19169016   9.75  python3
01:21:04 AM 20001    384249   7873.00      0.00 32225784 19189572   9.76  python3
01:21:05 AM 20001    384249   6306.00      0.00 32243448 19207128   9.77  python3
01:21:06 AM 20001    384249  25458.00      0.00 32261112 19224988   9.77  python3
01:21:07 AM 20001    384249  19102.00      0.00 32279800 19243680   9.78  python3
01:21:08 AM 20001    384249  13124.00      0.00 32298488 19262272   9.79  python3
01:21:09 AM 20001    384249   9038.00      0.00 32316664 19280420   9.80  python3
01:21:10 AM 20001    384249   7560.00      0.00 32334584 19298552   9.81  python3
01:21:11 AM 20001    384249   6983.00      0.00 32351736 19315612   9.82  python3
01:21:12 AM 20001    384249   7953.00      0.00 32372472 19336388   9.83  python3
01:21:13 AM 20001    384249   6914.00      0.00 32390904 19354860   9.84  python3
01:21:14 AM 20001    384249   6914.00      0.00 32410104 19374100   9.85  python3
01:21:15 AM 20001    384249   7060.00      0.00 32429560 19393796   9.86  python3
01:21:16 AM 20001    384249   6813.00      0.00 32449272 19413356   9.87  python3
01:21:17 AM 20001    384249   6596.00      0.00 32468472 19432704   9.88  python3
01:21:18 AM 20001    384249   6235.00      0.00 32487160 19451320   9.89  python3
01:21:19 AM 20001    384249   6543.00      0.00 32505592 19469788   9.90  python3
01:21:20 AM 20001    384249   6778.00      0.00 32525816 19490056   9.91  python3
01:21:21 AM 20001    384249   6246.00      0.00 32544504 19508780   9.92  python3
01:21:22 AM 20001    384249   6231.00      0.00 32563704 19528020   9.93  python3
01:21:23 AM 20001    384249   6663.00      0.00 32583928 19548312   9.94  python3
01:21:24 AM 20001    384249  10442.00      0.00 32601336 19565732   9.95  python3
01:21:25 AM 20001    384249  21681.00      0.00 32618232 19582860   9.96  python3
01:21:26 AM 20001    384249  26174.00      0.00 32637176 19601772   9.97  python3
01:21:27 AM 20001    384249  36556.00      0.00 32652280 19616792   9.97  python3
01:21:28 AM 20001    384249  35180.00      0.00 32670456 19635152   9.98  python3
01:21:29 AM 20001    384249  30867.00      0.00 32688632 19653192   9.99  python3
01:21:30 AM 20001    384249  20041.00      0.00 32705016 19669620  10.00  python3
01:21:31 AM 20001    384249  15986.00      0.00 32721400 19686088  10.01  python3
01:21:32 AM 20001    384249  11796.00      0.00 32743100 19708040  10.02  python3
01:21:33 AM 20001    384249  12034.00      0.00 32762420 19727160  10.03  python3
01:21:34 AM 20001    384249  10084.00      0.00 32782912 19747864  10.04  python3
01:21:35 AM 20001    384249  12748.00      0.00 32802764 19767564  10.05  python3
01:21:36 AM 20001    384249   7587.00      0.00 32821952 19786748  10.06  python3
01:21:37 AM 20001    384249   7701.00      0.00 32840496 19805524  10.07  python3
01:21:38 AM 20001    384249   7660.00      0.00 32858792 19823692  10.08  python3
01:21:39 AM 20001    384249   6842.00      0.00 32877732 19842756  10.09  python3
01:21:40 AM 20001    384249   5472.00      0.00 32891640 19856620  10.10  python3
01:21:41 AM 20001    384249   5993.00      0.00 32909280 19874276  10.10  python3
01:21:42 AM 20001    384249   6033.00      0.00 32926920 19891972  10.11  python3
01:21:43 AM 20001    384249   5499.00      0.00 32943920 19908952  10.12  python3
01:21:44 AM 20001    384249   6230.00      0.00 32963240 19928408  10.13  python3
01:21:45 AM 20001    384249   6771.00      0.00 32986676 19951936  10.14  python3
01:21:46 AM 20001    384249   6933.00      0.00 33011516 19976632  10.16  python3
01:21:47 AM 20001    384249  10060.00      0.00 31292948 18258464   9.28  python3
01:21:48 AM 20001    384249 126651.00      0.00 31292948 18259584   9.28  python3
01:21:49 AM 20001    384249   1886.00      0.00 31292948 18259584   9.28  python3
01:21:50 AM 20001    384249   1956.00      0.00 31292948 18259584   9.28  python3
01:21:51 AM 20001    384249  43798.00      0.00 31307796 18274408   9.29  python3
01:21:52 AM 20001    384249   9940.00      0.00 31336980 18303648   9.31  python3
01:21:53 AM 20001    384249  10136.00      0.00 31366676 18333548   9.32  python3
01:21:54 AM 20001    384249   9236.00      0.00 31396116 18362916   9.34  python3
01:21:55 AM 20001    384249   7866.00      0.00 31424020 18390836   9.35  python3
01:21:56 AM 20001    384249   7811.00      0.00 31452692 18419584   9.36  python3
01:21:57 AM 20001    384249  14151.00      0.00 31479828 18446944   9.38  python3
01:21:58 AM 20001    384249  13377.00      0.00 31501588 18468692   9.39  python3
01:21:59 AM 20001    384249 373522.00      0.00 31501588 18468692   9.39  python3
01:22:00 AM 20001    384249 119187.00      0.00 31501588 18468692   9.39  python3
01:22:01 AM 20001    384249  44204.00      0.00 31501588 18468692   9.39  python3
01:22:02 AM 20001    384249   2752.00      0.00 31511060 18478060   9.39  python3
01:22:03 AM 20001    384249   6857.00      0.00 31536404 18503684   9.41  python3
01:22:04 AM 20001    384249   7088.00      0.00 31563284 18530360   9.42  python3
01:22:05 AM 20001    384249   6486.00      0.00 31587860 18554944   9.43  python3
01:22:06 AM 20001    384249   6486.00      0.00 31612436 18579516   9.45  python3
01:22:07 AM 20001    384249   6084.00      0.00 31635988 18603044   9.46  python3
01:22:08 AM 20001    384249   5672.00      0.00 31657748 18624844   9.47  python3
01:22:09 AM 20001    384249  10005.00      0.00 31682068 18649152   9.48  python3
01:22:10 AM 20001    384249   9171.00      0.00 31702804 18669956   9.49  python3
01:22:11 AM 20001    384249   8290.00      0.00 31725332 18692416   9.50  python3
01:22:12 AM 20001    384249   7292.00      0.00 31745044 18712292   9.51  python3
01:22:13 AM 20001    384249   6595.00      0.00 31763732 18730844   9.52  python3
01:22:14 AM 20001    384249   6129.00      0.00 31781396 18748516   9.53  python3
01:22:15 AM 20001    384249   7110.00      0.00 31802900 18770108   9.54  python3
01:22:16 AM 20001    384249   5992.00      0.00 31822356 18789532   9.55  python3
01:22:17 AM 20001    384249   5993.00      0.00 31839508 18806592   9.56  python3
01:22:18 AM 20001    384249   5934.00      0.00 31858196 18825280   9.57  python3
01:22:19 AM 20001    384249   5006.00      0.00 31875348 18842544   9.58  python3
01:22:20 AM 20001    384249   5741.00      0.00 31894548 18861592   9.59  python3
01:22:21 AM 20001    384249  10718.00      0.00 31916308 18883392   9.60  python3
01:22:22 AM 20001    384249   9527.00      0.00 31946772 18913856   9.62  python3
01:22:23 AM 20001    384249  10036.00      0.00 31975444 18942772   9.63  python3
01:22:24 AM 20001    384249   9427.00      0.00 32002324 18969484   9.64  python3
01:22:25 AM 20001    384249   8027.00      0.00 32023828 18990912   9.66  python3
01:22:26 AM 20001    384249  60551.00      0.00 32026388 13741904   6.99  python3
01:22:27 AM 20001    384249 318473.00      0.00 26234492 13202284   6.71  python3
01:22:28 AM 20001    384249  55460.00      0.00 26234492 13202284   6.71  python3
01:22:29 AM 20001    384249      1.00      0.00 26234492 13202284   6.71  python3
01:22:30 AM 20001    384249  31624.00      0.00 26234492 13202284   6.71  python3
01:22:31 AM 20001    384249  90902.00      0.00 26233980 13201784   6.71  python3
01:22:32 AM 20001    384249  74310.00      0.00 26233980 13201784   6.71  python3
01:22:33 AM 20001    384249  71116.00      0.00 26233980 13201784   6.71  python3
01:22:34 AM 20001    384249 103970.00      0.00 26233980 13201784   6.71  python3
01:22:35 AM 20001    384249  91245.00      0.00 26233980 13201784   6.71  python3
01:22:36 AM 20001    384249  96508.00      0.00 25949048 12916852   6.57  python3
01:22:37 AM 20001    384249 162343.00      0.00 25323896 12291444   6.25  python3
01:22:38 AM 20001    384249 112813.00      0.00 24988536 11956340   6.08  python3
01:22:39 AM 20001    384249 148601.00      0.00 23549816 10517620   5.35  python3
01:22:40 AM 20001    384249 182732.67      0.00 22135928 9103732   4.63  python3
01:22:41 AM 20001    384249 127174.00      0.00 20210808 7178612   3.65  python3
